<?xml version="1.0" encoding="UTF-8"?>
<robot generator="Robot 6.1.1 (Python 3.11.2 on win32)" generated="20250203 23:22:57.585" rpa="false" schemaversion="4">
<suite id="s1" name="cmsAutoTestes" source="C:\Users\tsjes\OneDrive\Documentos\cmsAutoTestes">
<suite id="s1-s1" name="Suites" source="C:\Users\tsjes\OneDrive\Documentos\cmsAutoTestes\suites">
<suite id="s1-s1-s1" name="Cadastro" source="C:\Users\tsjes\OneDrive\Documentos\cmsAutoTestes\suites\Cadastro.robot">
<test id="s1-s1-s1-t1" name="Cadastrar um usuário" line="138">
<kw name="Dado um usuário realizando login no sistema">
<kw name="Open Browser" library="SeleniumLibrary">
<arg>${cadastro.url}</arg>
<arg>firefox</arg>
<arg>options=add_argument("--headless")</arg>
<doc>Opens a new browser instance to the optional ``url``.</doc>
<msg timestamp="20250203 23:22:58.037" level="INFO">Opening browser 'firefox' to base url 'https://manual.biobots.com.br/login'.</msg>
<status status="PASS" starttime="20250203 23:22:58.036" endtime="20250203 23:23:08.166"/>
</kw>
<kw name="Run Keyword And Return Status" library="BuiltIn">
<var>${visivel}</var>
<arg>Wait Until Element Is Visible</arg>
<arg>${cadastro.cardLogin}</arg>
<arg>2</arg>
<doc>Runs the given keyword with given arguments and returns the status as a Boolean value.</doc>
<kw name="Wait Until Element Is Visible" library="SeleniumLibrary">
<arg>${cadastro.cardLogin}</arg>
<arg>2</arg>
<doc>Waits until the element ``locator`` is visible.</doc>
<status status="PASS" starttime="20250203 23:23:08.167" endtime="20250203 23:23:08.340"/>
</kw>
<msg timestamp="20250203 23:23:08.340" level="INFO">${visivel} = True</msg>
<status status="PASS" starttime="20250203 23:23:08.166" endtime="20250203 23:23:08.340"/>
</kw>
<if>
<branch type="IF" condition="${visivel}">
<kw name="Log To Console" library="BuiltIn">
<arg>1º Passo: Ok</arg>
<doc>Logs the given message to the console.</doc>
<status status="PASS" starttime="20250203 23:23:08.340" endtime="20250203 23:23:08.340"/>
</kw>
<status status="PASS" starttime="20250203 23:23:08.340" endtime="20250203 23:23:08.341"/>
</branch>
<branch type="ELSE">
<kw name="Fail" library="BuiltIn">
<arg>1º Passo: Falhou - Página de Login não encontrada</arg>
<doc>Fails the test with the given message and optionally alters its tags.</doc>
<status status="NOT RUN" starttime="20250203 23:23:08.341" endtime="20250203 23:23:08.341"/>
</kw>
<status status="NOT RUN" starttime="20250203 23:23:08.341" endtime="20250203 23:23:08.341"/>
</branch>
<status status="PASS" starttime="20250203 23:23:08.340" endtime="20250203 23:23:08.341"/>
</if>
<kw name="Create Dictionary" library="BuiltIn">
<var>&amp;{fields}</var>
<arg>Campo de Email=${cadastro.campoemail}</arg>
<arg>Campo de Senha=${cadastro.camposenha}</arg>
<arg>Botão de Entrar=${cadastro.btnEntrar}</arg>
<doc>Creates and returns a dictionary based on the given ``items``.</doc>
<msg timestamp="20250203 23:23:08.344" level="INFO">&amp;{fields} = { Campo de Email=//input[@type="text"] | Campo de Senha=//input[@type="password"] | Botão de Entrar=//button[@id="btn-login"] }</msg>
<status status="PASS" starttime="20250203 23:23:08.341" endtime="20250203 23:23:08.344"/>
</kw>
<kw name="Create List" library="BuiltIn">
<var>@{Campos_Nao_Encontrados}</var>
<doc>Returns a list containing given items.</doc>
<msg timestamp="20250203 23:23:08.344" level="INFO">@{Campos_Nao_Encontrados} = [ ]</msg>
<status status="PASS" starttime="20250203 23:23:08.344" endtime="20250203 23:23:08.344"/>
</kw>
<kw name="Sleep" library="BuiltIn">
<arg>2</arg>
<doc>Pauses the test executed for the given time.</doc>
<msg timestamp="20250203 23:23:10.344" level="INFO">Slept 2 seconds</msg>
<status status="PASS" starttime="20250203 23:23:08.344" endtime="20250203 23:23:10.344"/>
</kw>
<for flavor="IN">
<var>${field}</var>
<value>@{fields.keys()}</value>
<iter>
<var name="${field}">Campo de Email</var>
<kw name="Run Keyword And Return Status" library="BuiltIn">
<var>${Visible}</var>
<arg>Element Should Be Visible</arg>
<arg>${fields["${field}"]}</arg>
<doc>Runs the given keyword with given arguments and returns the status as a Boolean value.</doc>
<kw name="Element Should Be Visible" library="SeleniumLibrary">
<arg>${fields["${field}"]}</arg>
<doc>Verifies that the element identified by ``locator`` is visible.</doc>
<msg timestamp="20250203 23:23:10.362" level="INFO">Element '//input[@type="text"]' is displayed.</msg>
<status status="PASS" starttime="20250203 23:23:10.345" endtime="20250203 23:23:10.362"/>
</kw>
<msg timestamp="20250203 23:23:10.362" level="INFO">${Visible} = True</msg>
<status status="PASS" starttime="20250203 23:23:10.345" endtime="20250203 23:23:10.362"/>
</kw>
<if>
<branch type="IF" condition="'${Visible}' == 'False'">
<kw name="Append To List" library="Collections">
<arg>${Campos_Nao_Encontrados}</arg>
<arg>${field}</arg>
<doc>Adds ``values`` to the end of ``list``.</doc>
<status status="NOT RUN" starttime="20250203 23:23:10.362" endtime="20250203 23:23:10.363"/>
</kw>
<status status="NOT RUN" starttime="20250203 23:23:10.362" endtime="20250203 23:23:10.363"/>
</branch>
<status status="PASS" starttime="20250203 23:23:10.362" endtime="20250203 23:23:10.363"/>
</if>
<status status="PASS" starttime="20250203 23:23:10.345" endtime="20250203 23:23:10.363"/>
</iter>
<iter>
<var name="${field}">Campo de Senha</var>
<kw name="Run Keyword And Return Status" library="BuiltIn">
<var>${Visible}</var>
<arg>Element Should Be Visible</arg>
<arg>${fields["${field}"]}</arg>
<doc>Runs the given keyword with given arguments and returns the status as a Boolean value.</doc>
<kw name="Element Should Be Visible" library="SeleniumLibrary">
<arg>${fields["${field}"]}</arg>
<doc>Verifies that the element identified by ``locator`` is visible.</doc>
<msg timestamp="20250203 23:23:10.382" level="INFO">Element '//input[@type="password"]' is displayed.</msg>
<status status="PASS" starttime="20250203 23:23:10.363" endtime="20250203 23:23:10.382"/>
</kw>
<msg timestamp="20250203 23:23:10.382" level="INFO">${Visible} = True</msg>
<status status="PASS" starttime="20250203 23:23:10.363" endtime="20250203 23:23:10.382"/>
</kw>
<if>
<branch type="IF" condition="'${Visible}' == 'False'">
<kw name="Append To List" library="Collections">
<arg>${Campos_Nao_Encontrados}</arg>
<arg>${field}</arg>
<doc>Adds ``values`` to the end of ``list``.</doc>
<status status="NOT RUN" starttime="20250203 23:23:10.383" endtime="20250203 23:23:10.383"/>
</kw>
<status status="NOT RUN" starttime="20250203 23:23:10.382" endtime="20250203 23:23:10.383"/>
</branch>
<status status="PASS" starttime="20250203 23:23:10.382" endtime="20250203 23:23:10.383"/>
</if>
<status status="PASS" starttime="20250203 23:23:10.363" endtime="20250203 23:23:10.383"/>
</iter>
<iter>
<var name="${field}">Botão de Entrar</var>
<kw name="Run Keyword And Return Status" library="BuiltIn">
<var>${Visible}</var>
<arg>Element Should Be Visible</arg>
<arg>${fields["${field}"]}</arg>
<doc>Runs the given keyword with given arguments and returns the status as a Boolean value.</doc>
<kw name="Element Should Be Visible" library="SeleniumLibrary">
<arg>${fields["${field}"]}</arg>
<doc>Verifies that the element identified by ``locator`` is visible.</doc>
<msg timestamp="20250203 23:23:10.401" level="INFO">Element '//button[@id="btn-login"]' is displayed.</msg>
<status status="PASS" starttime="20250203 23:23:10.383" endtime="20250203 23:23:10.401"/>
</kw>
<msg timestamp="20250203 23:23:10.401" level="INFO">${Visible} = True</msg>
<status status="PASS" starttime="20250203 23:23:10.383" endtime="20250203 23:23:10.401"/>
</kw>
<if>
<branch type="IF" condition="'${Visible}' == 'False'">
<kw name="Append To List" library="Collections">
<arg>${Campos_Nao_Encontrados}</arg>
<arg>${field}</arg>
<doc>Adds ``values`` to the end of ``list``.</doc>
<status status="NOT RUN" starttime="20250203 23:23:10.401" endtime="20250203 23:23:10.401"/>
</kw>
<status status="NOT RUN" starttime="20250203 23:23:10.401" endtime="20250203 23:23:10.401"/>
</branch>
<status status="PASS" starttime="20250203 23:23:10.401" endtime="20250203 23:23:10.401"/>
</if>
<status status="PASS" starttime="20250203 23:23:10.383" endtime="20250203 23:23:10.402"/>
</iter>
<status status="PASS" starttime="20250203 23:23:10.344" endtime="20250203 23:23:10.402"/>
</for>
<if>
<branch type="IF" condition="${Campos_Nao_Encontrados} != []">
<kw name="Fail" library="BuiltIn">
<arg>1ºPasso: Falhou - O campos ${Campos_Nao_Encontrados} não foram encontrados</arg>
<doc>Fails the test with the given message and optionally alters its tags.</doc>
<status status="NOT RUN" starttime="20250203 23:23:10.402" endtime="20250203 23:23:10.402"/>
</kw>
<status status="NOT RUN" starttime="20250203 23:23:10.402" endtime="20250203 23:23:10.402"/>
</branch>
<branch type="ELSE">
<kw name="Sleep" library="BuiltIn">
<arg>2</arg>
<doc>Pauses the test executed for the given time.</doc>
<msg timestamp="20250203 23:23:12.404" level="INFO">Slept 2 seconds</msg>
<status status="PASS" starttime="20250203 23:23:10.402" endtime="20250203 23:23:12.404"/>
</kw>
<status status="PASS" starttime="20250203 23:23:10.402" endtime="20250203 23:23:12.404"/>
</branch>
<status status="PASS" starttime="20250203 23:23:10.402" endtime="20250203 23:23:12.404"/>
</if>
<kw name="Set Variable" library="BuiltIn">
<var>${email}</var>
<arg>admin@site.com</arg>
<doc>Returns the given values which can then be assigned to a variables.</doc>
<msg timestamp="20250203 23:23:12.404" level="INFO">${email} = admin@site.com</msg>
<status status="PASS" starttime="20250203 23:23:12.404" endtime="20250203 23:23:12.404"/>
</kw>
<kw name="Input Text" library="SeleniumLibrary">
<arg>${cadastro.campoemail}</arg>
<arg>${email}</arg>
<doc>Types the given ``text`` into the text field identified by ``locator``.</doc>
<msg timestamp="20250203 23:23:12.405" level="INFO">Typing text 'admin@site.com' into text field '//input[@type="text"]'.</msg>
<status status="PASS" starttime="20250203 23:23:12.404" endtime="20250203 23:23:12.483"/>
</kw>
<kw name="Set Variable" library="BuiltIn">
<var>${senha}</var>
<arg>TBmerT6Sqc</arg>
<doc>Returns the given values which can then be assigned to a variables.</doc>
<msg timestamp="20250203 23:23:12.483" level="INFO">${senha} = TBmerT6Sqc</msg>
<status status="PASS" starttime="20250203 23:23:12.483" endtime="20250203 23:23:12.483"/>
</kw>
<kw name="Input Password" library="SeleniumLibrary">
<arg>${cadastro.camposenha}</arg>
<arg>${senha}</arg>
<doc>Types the given password into the text field identified by ``locator``.</doc>
<msg timestamp="20250203 23:23:12.485" level="INFO">Typing password into text field '//input[@type="password"]'.</msg>
<msg timestamp="20250203 23:23:12.495" level="INFO">Temporally setting log level to: NONE</msg>
<msg timestamp="20250203 23:23:12.512" level="INFO">Log level changed from NONE to INFO.</msg>
<status status="PASS" starttime="20250203 23:23:12.484" endtime="20250203 23:23:12.513"/>
</kw>
<kw name="Get Value" library="SeleniumLibrary">
<var>${valorEmail}</var>
<arg>${cadastro.campoemail}</arg>
<doc>Returns the value attribute of the element identified by ``locator``.</doc>
<msg timestamp="20250203 23:23:12.528" level="INFO">${valorEmail} = admin@site.com</msg>
<status status="PASS" starttime="20250203 23:23:12.513" endtime="20250203 23:23:12.528"/>
</kw>
<if>
<branch type="IF" condition="$valorEmail == $email">
<kw name="Get Value" library="SeleniumLibrary">
<var>${valorSenha}</var>
<arg>${cadastro.camposenha}</arg>
<doc>Returns the value attribute of the element identified by ``locator``.</doc>
<msg timestamp="20250203 23:23:12.545" level="INFO">${valorSenha} = TBmerT6Sqc</msg>
<status status="PASS" starttime="20250203 23:23:12.529" endtime="20250203 23:23:12.545"/>
</kw>
<if>
<branch type="IF" condition="$valorSenha == $senha">
<kw name="Log To Console" library="BuiltIn">
<arg>2ºPasso: Ok</arg>
<doc>Logs the given message to the console.</doc>
<status status="PASS" starttime="20250203 23:23:12.545" endtime="20250203 23:23:12.545"/>
</kw>
<status status="PASS" starttime="20250203 23:23:12.545" endtime="20250203 23:23:12.545"/>
</branch>
<branch type="ELSE">
<kw name="Fail" library="BuiltIn">
<arg>2ºPasso: Falhou - O campo de senha não foi preenchido corretamente e sim com o valor: ${valorSenha}</arg>
<doc>Fails the test with the given message and optionally alters its tags.</doc>
<status status="NOT RUN" starttime="20250203 23:23:12.545" endtime="20250203 23:23:12.546"/>
</kw>
<status status="NOT RUN" starttime="20250203 23:23:12.545" endtime="20250203 23:23:12.546"/>
</branch>
<status status="PASS" starttime="20250203 23:23:12.545" endtime="20250203 23:23:12.546"/>
</if>
<status status="PASS" starttime="20250203 23:23:12.529" endtime="20250203 23:23:12.546"/>
</branch>
<branch type="ELSE">
<kw name="Fail" library="BuiltIn">
<arg>2ºPasso: Falhou - O campo de email não foi preenchido corretamente e sim com o valor: ${valorEmail}</arg>
<doc>Fails the test with the given message and optionally alters its tags.</doc>
<status status="NOT RUN" starttime="20250203 23:23:12.546" endtime="20250203 23:23:12.546"/>
</kw>
<status status="NOT RUN" starttime="20250203 23:23:12.546" endtime="20250203 23:23:12.546"/>
</branch>
<status status="PASS" starttime="20250203 23:23:12.529" endtime="20250203 23:23:12.546"/>
</if>
<kw name="Click Element" library="SeleniumLibrary">
<arg>${cadastro.btnEntrar}</arg>
<doc>Click the element identified by ``locator``.</doc>
<msg timestamp="20250203 23:23:12.546" level="INFO">Clicking element '//button[@id="btn-login"]'.</msg>
<status status="PASS" starttime="20250203 23:23:12.546" endtime="20250203 23:23:12.791"/>
</kw>
<kw name="Log To Console" library="BuiltIn">
<arg>3ºPasso: Ok</arg>
<doc>Logs the given message to the console.</doc>
<status status="PASS" starttime="20250203 23:23:12.791" endtime="20250203 23:23:12.791"/>
</kw>
<kw name="Set Variable" library="BuiltIn">
<var>${tempoEspera}</var>
<arg>6</arg>
<doc>Returns the given values which can then be assigned to a variables.</doc>
<msg timestamp="20250203 23:23:12.792" level="INFO">${tempoEspera} = 6</msg>
<status status="PASS" starttime="20250203 23:23:12.792" endtime="20250203 23:23:12.792"/>
</kw>
<kw name="Run Keyword And Return Status" library="BuiltIn">
<var>${visivel}</var>
<arg>Wait Until Element Is Not Visible</arg>
<arg>${cadastro.cardLogin}</arg>
<arg>${tempoEspera}</arg>
<doc>Runs the given keyword with given arguments and returns the status as a Boolean value.</doc>
<kw name="Wait Until Element Is Not Visible" library="SeleniumLibrary">
<arg>${cadastro.cardLogin}</arg>
<arg>${tempoEspera}</arg>
<doc>Waits until the element ``locator`` is not visible.</doc>
<status status="PASS" starttime="20250203 23:23:12.792" endtime="20250203 23:23:16.453"/>
</kw>
<msg timestamp="20250203 23:23:16.455" level="INFO">${visivel} = True</msg>
<status status="PASS" starttime="20250203 23:23:12.792" endtime="20250203 23:23:16.455"/>
</kw>
<if>
<branch type="IF" condition="${visivel}">
<kw name="Log To Console" library="BuiltIn">
<arg>4º Passo: Ok - Página inicial oculta como esperado.</arg>
<doc>Logs the given message to the console.</doc>
<status status="PASS" starttime="20250203 23:23:16.455" endtime="20250203 23:23:16.455"/>
</kw>
<status status="PASS" starttime="20250203 23:23:16.455" endtime="20250203 23:23:16.455"/>
</branch>
<branch type="ELSE">
<kw name="Fail" library="BuiltIn">
<arg>4º Passo: Falhou - A página inicial de configuração do CMS ainda está visível após ${tempoEspera} segundos.</arg>
<doc>Fails the test with the given message and optionally alters its tags.</doc>
<status status="NOT RUN" starttime="20250203 23:23:16.455" endtime="20250203 23:23:16.455"/>
</kw>
<status status="NOT RUN" starttime="20250203 23:23:16.455" endtime="20250203 23:23:16.455"/>
</branch>
<status status="PASS" starttime="20250203 23:23:16.455" endtime="20250203 23:23:16.455"/>
</if>
<status status="PASS" starttime="20250203 23:22:58.036" endtime="20250203 23:23:16.455"/>
</kw>
<kw name="E acessando o menu usuários">
<kw name="Run Keyword And Return Status" library="BuiltIn">
<var>${Visible}</var>
<arg>Element Should Be Visible</arg>
<arg>${cadastro.menuUsuario}</arg>
<doc>Runs the given keyword with given arguments and returns the status as a Boolean value.</doc>
<kw name="Element Should Be Visible" library="SeleniumLibrary">
<arg>${cadastro.menuUsuario}</arg>
<doc>Verifies that the element identified by ``locator`` is visible.</doc>
<msg timestamp="20250203 23:23:16.505" level="INFO">Element '(//a[@class="nav-link "])[1]' is displayed.</msg>
<status status="PASS" starttime="20250203 23:23:16.457" endtime="20250203 23:23:16.505"/>
</kw>
<msg timestamp="20250203 23:23:16.505" level="INFO">${Visible} = True</msg>
<status status="PASS" starttime="20250203 23:23:16.456" endtime="20250203 23:23:16.505"/>
</kw>
<if>
<branch type="IF" condition="$Visible">
<kw name="Click Element" library="SeleniumLibrary">
<arg>${cadastro.menuUsuario}</arg>
<doc>Click the element identified by ``locator``.</doc>
<msg timestamp="20250203 23:23:16.507" level="INFO">Clicking element '(//a[@class="nav-link "])[1]'.</msg>
<status status="PASS" starttime="20250203 23:23:16.506" endtime="20250203 23:23:17.703"/>
</kw>
<status status="PASS" starttime="20250203 23:23:16.505" endtime="20250203 23:23:17.703"/>
</branch>
<branch type="ELSE">
<kw name="Fail" library="BuiltIn">
<arg>5º Passo: Menu usuários não foi visto</arg>
<doc>Fails the test with the given message and optionally alters its tags.</doc>
<status status="NOT RUN" starttime="20250203 23:23:17.703" endtime="20250203 23:23:17.703"/>
</kw>
<status status="NOT RUN" starttime="20250203 23:23:17.703" endtime="20250203 23:23:17.703"/>
</branch>
<status status="PASS" starttime="20250203 23:23:16.505" endtime="20250203 23:23:17.703"/>
</if>
<kw name="Run Keyword And Return Status" library="BuiltIn">
<var>${visible}</var>
<arg>Wait Until Element Is Visible</arg>
<arg>${cadastro.btnNovoUsuario}</arg>
<arg>10</arg>
<doc>Runs the given keyword with given arguments and returns the status as a Boolean value.</doc>
<kw name="Wait Until Element Is Visible" library="SeleniumLibrary">
<arg>${cadastro.btnNovoUsuario}</arg>
<arg>10</arg>
<doc>Waits until the element ``locator`` is visible.</doc>
<status status="PASS" starttime="20250203 23:23:17.705" endtime="20250203 23:23:17.738"/>
</kw>
<msg timestamp="20250203 23:23:17.738" level="INFO">${visible} = True</msg>
<status status="PASS" starttime="20250203 23:23:17.703" endtime="20250203 23:23:17.738"/>
</kw>
<if>
<branch type="IF" condition="$visible">
<kw name="Log To Console" library="BuiltIn">
<arg>5ºPasso: Ok</arg>
<doc>Logs the given message to the console.</doc>
<status status="PASS" starttime="20250203 23:23:17.739" endtime="20250203 23:23:17.740"/>
</kw>
<status status="PASS" starttime="20250203 23:23:17.738" endtime="20250203 23:23:17.740"/>
</branch>
<branch type="ELSE">
<kw name="Fail" library="BuiltIn">
<arg>5ºPasso: Falhou - O botão de cadastro de usuários não foi visto em tela</arg>
<doc>Fails the test with the given message and optionally alters its tags.</doc>
<status status="NOT RUN" starttime="20250203 23:23:17.740" endtime="20250203 23:23:17.740"/>
</kw>
<status status="NOT RUN" starttime="20250203 23:23:17.740" endtime="20250203 23:23:17.740"/>
</branch>
<status status="PASS" starttime="20250203 23:23:17.738" endtime="20250203 23:23:17.740"/>
</if>
<status status="PASS" starttime="20250203 23:23:16.456" endtime="20250203 23:23:17.740"/>
</kw>
<kw name="E iniciar o cadastro de um novo usuário">
<kw name="Click Element" library="SeleniumLibrary">
<arg>${cadastro.btnNovoUsuario}</arg>
<doc>Click the element identified by ``locator``.</doc>
<msg timestamp="20250203 23:23:17.743" level="INFO">Clicking element '//a[@class="btn btn-sm btn-success"]'.</msg>
<status status="PASS" starttime="20250203 23:23:17.742" endtime="20250203 23:23:18.202"/>
</kw>
<kw name="Run Keyword And Return Status" library="BuiltIn">
<var>${visible}</var>
<arg>Wait Until Element Is Visible</arg>
<arg>${cadastro.cardFormularioUsuarios}</arg>
<doc>Runs the given keyword with given arguments and returns the status as a Boolean value.</doc>
<kw name="Wait Until Element Is Visible" library="SeleniumLibrary">
<arg>${cadastro.cardFormularioUsuarios}</arg>
<doc>Waits until the element ``locator`` is visible.</doc>
<status status="PASS" starttime="20250203 23:23:18.202" endtime="20250203 23:23:18.253"/>
</kw>
<msg timestamp="20250203 23:23:18.253" level="INFO">${visible} = True</msg>
<status status="PASS" starttime="20250203 23:23:18.202" endtime="20250203 23:23:18.253"/>
</kw>
<if>
<branch type="IF" condition="$visible">
<kw name="Create Dictionary" library="BuiltIn">
<var>&amp;{fields}</var>
<arg>Campo Titulo=${cadastro.campo_titulo}</arg>
<doc>Creates and returns a dictionary based on the given ``items``.</doc>
<msg timestamp="20250203 23:23:18.255" level="INFO">&amp;{fields} = { Campo Titulo=(//input[@type="text"])[1] }</msg>
<status status="PASS" starttime="20250203 23:23:18.253" endtime="20250203 23:23:18.255"/>
</kw>
<kw name="Create List" library="BuiltIn">
<var>@{Campos_Nao_Encontrados}</var>
<doc>Returns a list containing given items.</doc>
<msg timestamp="20250203 23:23:18.255" level="INFO">@{Campos_Nao_Encontrados} = [ ]</msg>
<status status="PASS" starttime="20250203 23:23:18.255" endtime="20250203 23:23:18.255"/>
</kw>
<kw name="Sleep" library="BuiltIn">
<arg>2</arg>
<doc>Pauses the test executed for the given time.</doc>
<msg timestamp="20250203 23:23:20.256" level="INFO">Slept 2 seconds</msg>
<status status="PASS" starttime="20250203 23:23:18.255" endtime="20250203 23:23:20.256"/>
</kw>
<for flavor="IN">
<var>${field}</var>
<value>@{fields.keys()}</value>
<iter>
<var name="${field}">Campo Titulo</var>
<kw name="Run Keyword And Return Status" library="BuiltIn">
<var>${Visible}</var>
<arg>Element Should Be Visible</arg>
<arg>${fields["${field}"]}</arg>
<doc>Runs the given keyword with given arguments and returns the status as a Boolean value.</doc>
<kw name="Element Should Be Visible" library="SeleniumLibrary">
<arg>${fields["${field}"]}</arg>
<doc>Verifies that the element identified by ``locator`` is visible.</doc>
<msg timestamp="20250203 23:23:20.274" level="INFO">Element '(//input[@type="text"])[1]' is displayed.</msg>
<status status="PASS" starttime="20250203 23:23:20.257" endtime="20250203 23:23:20.274"/>
</kw>
<msg timestamp="20250203 23:23:20.274" level="INFO">${Visible} = True</msg>
<status status="PASS" starttime="20250203 23:23:20.256" endtime="20250203 23:23:20.274"/>
</kw>
<if>
<branch type="IF" condition="'${Visible}' == 'False'">
<kw name="Append To List" library="Collections">
<arg>${Campos_Nao_Encontrados}</arg>
<arg>${field}</arg>
<doc>Adds ``values`` to the end of ``list``.</doc>
<status status="NOT RUN" starttime="20250203 23:23:20.274" endtime="20250203 23:23:20.274"/>
</kw>
<status status="NOT RUN" starttime="20250203 23:23:20.274" endtime="20250203 23:23:20.274"/>
</branch>
<status status="PASS" starttime="20250203 23:23:20.274" endtime="20250203 23:23:20.274"/>
</if>
<status status="PASS" starttime="20250203 23:23:20.256" endtime="20250203 23:23:20.274"/>
</iter>
<status status="PASS" starttime="20250203 23:23:20.256" endtime="20250203 23:23:20.274"/>
</for>
<if>
<branch type="IF" condition="${Campos_Nao_Encontrados} != []">
<kw name="Fail" library="BuiltIn">
<arg>6ºPasso: Falhou - O campos ${Campos_Nao_Encontrados} não foram encontrados</arg>
<doc>Fails the test with the given message and optionally alters its tags.</doc>
<status status="NOT RUN" starttime="20250203 23:23:20.274" endtime="20250203 23:23:20.274"/>
</kw>
<status status="NOT RUN" starttime="20250203 23:23:20.274" endtime="20250203 23:23:20.274"/>
</branch>
<branch type="ELSE">
<kw name="Log To Console" library="BuiltIn">
<arg>6ºPasso: Ok</arg>
<doc>Logs the given message to the console.</doc>
<status status="PASS" starttime="20250203 23:23:20.274" endtime="20250203 23:23:20.276"/>
</kw>
<status status="PASS" starttime="20250203 23:23:20.274" endtime="20250203 23:23:20.276"/>
</branch>
<status status="PASS" starttime="20250203 23:23:20.274" endtime="20250203 23:23:20.276"/>
</if>
<status status="PASS" starttime="20250203 23:23:18.253" endtime="20250203 23:23:20.276"/>
</branch>
<branch type="ELSE">
<kw name="Fail" library="BuiltIn">
<arg>6ºPasso: Falhou - Formulário de cadastro não encontrado</arg>
<doc>Fails the test with the given message and optionally alters its tags.</doc>
<status status="NOT RUN" starttime="20250203 23:23:20.276" endtime="20250203 23:23:20.276"/>
</kw>
<status status="NOT RUN" starttime="20250203 23:23:20.276" endtime="20250203 23:23:20.276"/>
</branch>
<status status="PASS" starttime="20250203 23:23:18.253" endtime="20250203 23:23:20.276"/>
</if>
<status status="PASS" starttime="20250203 23:23:17.742" endtime="20250203 23:23:20.276"/>
</kw>
<status status="PASS" starttime="20250203 23:22:58.034" endtime="20250203 23:23:20.277"/>
</test>
<test id="s1-s1-s1-t2" name="Teste para Falhar no cadastro" line="143">
<kw name="Dado um usuário realizando login no sistema PRA FALHAR">
<kw name="Open Browser" library="SeleniumLibrary">
<arg>${cadastro.url}</arg>
<arg>firefox</arg>
<arg>options=add_argument("--headless")</arg>
<doc>Opens a new browser instance to the optional ``url``.</doc>
<msg timestamp="20250203 23:23:20.281" level="INFO">Opening browser 'firefox' to base url 'https://manual.biobots.com.br/login'.</msg>
<status status="PASS" starttime="20250203 23:23:20.280" endtime="20250203 23:23:28.603"/>
</kw>
<kw name="Run Keyword And Return Status" library="BuiltIn">
<var>${visivel}</var>
<arg>Wait Until Element Is Visible</arg>
<arg>${cadastro.cardLoginFalha}</arg>
<arg>2</arg>
<doc>Runs the given keyword with given arguments and returns the status as a Boolean value.</doc>
<kw name="Wait Until Element Is Visible" library="SeleniumLibrary">
<arg>${cadastro.cardLoginFalha}</arg>
<arg>2</arg>
<doc>Waits until the element ``locator`` is visible.</doc>
<msg timestamp="20250203 23:23:30.733" level="INFO" html="true">&lt;/td&gt;&lt;/tr&gt;&lt;tr&gt;&lt;td colspan="3"&gt;&lt;a href="selenium-screenshot-4.png"&gt;&lt;img src="selenium-screenshot-4.png" width="800px"&gt;&lt;/a&gt;</msg>
<msg timestamp="20250203 23:23:30.733" level="FAIL">Element '//div[@class="card col-md-6 my-login-card2"]' not visible after 2 seconds.</msg>
<status status="FAIL" starttime="20250203 23:23:28.604" endtime="20250203 23:23:30.820"/>
</kw>
<msg timestamp="20250203 23:23:30.820" level="INFO">${visivel} = False</msg>
<status status="PASS" starttime="20250203 23:23:28.604" endtime="20250203 23:23:30.820"/>
</kw>
<if>
<branch type="IF" condition="${visivel}">
<kw name="Log To Console" library="BuiltIn">
<arg>1º Passo: Ok</arg>
<doc>Logs the given message to the console.</doc>
<status status="NOT RUN" starttime="20250203 23:23:30.821" endtime="20250203 23:23:30.821"/>
</kw>
<status status="NOT RUN" starttime="20250203 23:23:30.820" endtime="20250203 23:23:30.821"/>
</branch>
<branch type="ELSE">
<kw name="Fail" library="BuiltIn">
<arg>1º Passo: Falhou - Página de Login não encontrada</arg>
<doc>Fails the test with the given message and optionally alters its tags.</doc>
<msg timestamp="20250203 23:23:30.821" level="FAIL">1º Passo: Falhou - Página de Login não encontrada</msg>
<status status="FAIL" starttime="20250203 23:23:30.821" endtime="20250203 23:23:30.822"/>
</kw>
<status status="FAIL" starttime="20250203 23:23:30.821" endtime="20250203 23:23:30.822"/>
</branch>
<status status="FAIL" starttime="20250203 23:23:30.820" endtime="20250203 23:23:30.822"/>
</if>
<status status="FAIL" starttime="20250203 23:23:20.280" endtime="20250203 23:23:30.822"/>
</kw>
<status status="FAIL" starttime="20250203 23:23:20.278" endtime="20250203 23:23:30.839">1º Passo: Falhou - Página de Login não encontrada</status>
</test>
<status status="FAIL" starttime="20250203 23:22:57.620" endtime="20250203 23:23:30.850"/>
</suite>
<suite id="s1-s1-s2" name="Login" source="C:\Users\tsjes\OneDrive\Documentos\cmsAutoTestes\suites\Login.robot">
<test id="s1-s1-s2-t1" name="Logando - Sucesso" line="167">
<kw name="Dado um usuário Acessando a página de login do CMS">
<kw name="Open Browser" library="SeleniumLibrary">
<arg>${login.url}</arg>
<arg>firefox</arg>
<arg>options=add_argument("--headless")</arg>
<doc>Opens a new browser instance to the optional ``url``.</doc>
<msg timestamp="20250203 23:23:33.011" level="INFO">Opening browser 'firefox' to base url 'https://manual.biobots.com.br/login'.</msg>
<status status="PASS" starttime="20250203 23:23:33.010" endtime="20250203 23:23:42.086"/>
</kw>
<kw name="Run Keyword And Return Status" library="BuiltIn">
<var>${visivel}</var>
<arg>Wait Until Element Is Visible</arg>
<arg>${login.cardLogin}</arg>
<arg>2</arg>
<doc>Runs the given keyword with given arguments and returns the status as a Boolean value.</doc>
<kw name="Wait Until Element Is Visible" library="SeleniumLibrary">
<arg>${login.cardLogin}</arg>
<arg>2</arg>
<doc>Waits until the element ``locator`` is visible.</doc>
<status status="PASS" starttime="20250203 23:23:42.086" endtime="20250203 23:23:42.167"/>
</kw>
<msg timestamp="20250203 23:23:42.167" level="INFO">${visivel} = True</msg>
<status status="PASS" starttime="20250203 23:23:42.086" endtime="20250203 23:23:42.167"/>
</kw>
<if>
<branch type="IF" condition="${visivel}">
<kw name="Log To Console" library="BuiltIn">
<arg>1º Passo: Ok</arg>
<doc>Logs the given message to the console.</doc>
<status status="PASS" starttime="20250203 23:23:42.167" endtime="20250203 23:23:42.167"/>
</kw>
<status status="PASS" starttime="20250203 23:23:42.167" endtime="20250203 23:23:42.167"/>
</branch>
<branch type="ELSE">
<kw name="Fail" library="BuiltIn">
<arg>1º Passo: Falhou - Página de Login não encontrada</arg>
<doc>Fails the test with the given message and optionally alters its tags.</doc>
<status status="NOT RUN" starttime="20250203 23:23:42.169" endtime="20250203 23:23:42.169"/>
</kw>
<status status="NOT RUN" starttime="20250203 23:23:42.169" endtime="20250203 23:23:42.169"/>
</branch>
<status status="PASS" starttime="20250203 23:23:42.167" endtime="20250203 23:23:42.169"/>
</if>
<kw name="Create Dictionary" library="BuiltIn">
<var>&amp;{fields}</var>
<arg>Campo de Email=${login.campoemail}</arg>
<arg>Campo de Senha=${login.camposenha}</arg>
<arg>Botão de Entrar=${login.btnEntrar}</arg>
<doc>Creates and returns a dictionary based on the given ``items``.</doc>
<msg timestamp="20250203 23:23:42.170" level="INFO">&amp;{fields} = { Campo de Email=//input[@type="text"] | Campo de Senha=//input[@type="password"] | Botão de Entrar=//button[@id="btn-login"] }</msg>
<status status="PASS" starttime="20250203 23:23:42.169" endtime="20250203 23:23:42.170"/>
</kw>
<kw name="Create List" library="BuiltIn">
<var>@{Campos_Nao_Encontrados}</var>
<doc>Returns a list containing given items.</doc>
<msg timestamp="20250203 23:23:42.171" level="INFO">@{Campos_Nao_Encontrados} = [ ]</msg>
<status status="PASS" starttime="20250203 23:23:42.171" endtime="20250203 23:23:42.171"/>
</kw>
<kw name="Sleep" library="BuiltIn">
<arg>2</arg>
<doc>Pauses the test executed for the given time.</doc>
<msg timestamp="20250203 23:23:44.172" level="INFO">Slept 2 seconds</msg>
<status status="PASS" starttime="20250203 23:23:42.171" endtime="20250203 23:23:44.172"/>
</kw>
<for flavor="IN">
<var>${field}</var>
<value>@{fields.keys()}</value>
<iter>
<var name="${field}">Campo de Email</var>
<kw name="Run Keyword And Return Status" library="BuiltIn">
<var>${Visible}</var>
<arg>Element Should Be Visible</arg>
<arg>${fields["${field}"]}</arg>
<doc>Runs the given keyword with given arguments and returns the status as a Boolean value.</doc>
<kw name="Element Should Be Visible" library="SeleniumLibrary">
<arg>${fields["${field}"]}</arg>
<doc>Verifies that the element identified by ``locator`` is visible.</doc>
<msg timestamp="20250203 23:23:44.190" level="INFO">Element '//input[@type="text"]' is displayed.</msg>
<status status="PASS" starttime="20250203 23:23:44.173" endtime="20250203 23:23:44.190"/>
</kw>
<msg timestamp="20250203 23:23:44.191" level="INFO">${Visible} = True</msg>
<status status="PASS" starttime="20250203 23:23:44.173" endtime="20250203 23:23:44.191"/>
</kw>
<if>
<branch type="IF" condition="'${Visible}' == 'False'">
<kw name="Append To List" library="Collections">
<arg>${Campos_Nao_Encontrados}</arg>
<arg>${field}</arg>
<doc>Adds ``values`` to the end of ``list``.</doc>
<status status="NOT RUN" starttime="20250203 23:23:44.191" endtime="20250203 23:23:44.191"/>
</kw>
<status status="NOT RUN" starttime="20250203 23:23:44.191" endtime="20250203 23:23:44.191"/>
</branch>
<status status="PASS" starttime="20250203 23:23:44.191" endtime="20250203 23:23:44.191"/>
</if>
<status status="PASS" starttime="20250203 23:23:44.173" endtime="20250203 23:23:44.191"/>
</iter>
<iter>
<var name="${field}">Campo de Senha</var>
<kw name="Run Keyword And Return Status" library="BuiltIn">
<var>${Visible}</var>
<arg>Element Should Be Visible</arg>
<arg>${fields["${field}"]}</arg>
<doc>Runs the given keyword with given arguments and returns the status as a Boolean value.</doc>
<kw name="Element Should Be Visible" library="SeleniumLibrary">
<arg>${fields["${field}"]}</arg>
<doc>Verifies that the element identified by ``locator`` is visible.</doc>
<msg timestamp="20250203 23:23:44.211" level="INFO">Element '//input[@type="password"]' is displayed.</msg>
<status status="PASS" starttime="20250203 23:23:44.192" endtime="20250203 23:23:44.211"/>
</kw>
<msg timestamp="20250203 23:23:44.211" level="INFO">${Visible} = True</msg>
<status status="PASS" starttime="20250203 23:23:44.191" endtime="20250203 23:23:44.211"/>
</kw>
<if>
<branch type="IF" condition="'${Visible}' == 'False'">
<kw name="Append To List" library="Collections">
<arg>${Campos_Nao_Encontrados}</arg>
<arg>${field}</arg>
<doc>Adds ``values`` to the end of ``list``.</doc>
<status status="NOT RUN" starttime="20250203 23:23:44.212" endtime="20250203 23:23:44.212"/>
</kw>
<status status="NOT RUN" starttime="20250203 23:23:44.211" endtime="20250203 23:23:44.212"/>
</branch>
<status status="PASS" starttime="20250203 23:23:44.211" endtime="20250203 23:23:44.212"/>
</if>
<status status="PASS" starttime="20250203 23:23:44.191" endtime="20250203 23:23:44.212"/>
</iter>
<iter>
<var name="${field}">Botão de Entrar</var>
<kw name="Run Keyword And Return Status" library="BuiltIn">
<var>${Visible}</var>
<arg>Element Should Be Visible</arg>
<arg>${fields["${field}"]}</arg>
<doc>Runs the given keyword with given arguments and returns the status as a Boolean value.</doc>
<kw name="Element Should Be Visible" library="SeleniumLibrary">
<arg>${fields["${field}"]}</arg>
<doc>Verifies that the element identified by ``locator`` is visible.</doc>
<msg timestamp="20250203 23:23:44.231" level="INFO">Element '//button[@id="btn-login"]' is displayed.</msg>
<status status="PASS" starttime="20250203 23:23:44.212" endtime="20250203 23:23:44.231"/>
</kw>
<msg timestamp="20250203 23:23:44.231" level="INFO">${Visible} = True</msg>
<status status="PASS" starttime="20250203 23:23:44.212" endtime="20250203 23:23:44.231"/>
</kw>
<if>
<branch type="IF" condition="'${Visible}' == 'False'">
<kw name="Append To List" library="Collections">
<arg>${Campos_Nao_Encontrados}</arg>
<arg>${field}</arg>
<doc>Adds ``values`` to the end of ``list``.</doc>
<status status="NOT RUN" starttime="20250203 23:23:44.232" endtime="20250203 23:23:44.232"/>
</kw>
<status status="NOT RUN" starttime="20250203 23:23:44.231" endtime="20250203 23:23:44.232"/>
</branch>
<status status="PASS" starttime="20250203 23:23:44.231" endtime="20250203 23:23:44.232"/>
</if>
<status status="PASS" starttime="20250203 23:23:44.212" endtime="20250203 23:23:44.232"/>
</iter>
<status status="PASS" starttime="20250203 23:23:44.172" endtime="20250203 23:23:44.232"/>
</for>
<if>
<branch type="IF" condition="${Campos_Nao_Encontrados} != []">
<kw name="Fail" library="BuiltIn">
<arg>1ºPasso: Falhou - O campos ${Campos_Nao_Encontrados} não foram encontrados</arg>
<doc>Fails the test with the given message and optionally alters its tags.</doc>
<status status="NOT RUN" starttime="20250203 23:23:44.233" endtime="20250203 23:23:44.233"/>
</kw>
<status status="NOT RUN" starttime="20250203 23:23:44.232" endtime="20250203 23:23:44.233"/>
</branch>
<branch type="ELSE">
<kw name="Sleep" library="BuiltIn">
<arg>2</arg>
<doc>Pauses the test executed for the given time.</doc>
<msg timestamp="20250203 23:23:46.233" level="INFO">Slept 2 seconds</msg>
<status status="PASS" starttime="20250203 23:23:44.233" endtime="20250203 23:23:46.233"/>
</kw>
<status status="PASS" starttime="20250203 23:23:44.233" endtime="20250203 23:23:46.233"/>
</branch>
<status status="PASS" starttime="20250203 23:23:44.232" endtime="20250203 23:23:46.233"/>
</if>
<status status="PASS" starttime="20250203 23:23:33.009" endtime="20250203 23:23:46.233"/>
</kw>
<kw name="E preenchendo os campos de email e senha">
<kw name="Set Variable" library="BuiltIn">
<var>${email}</var>
<arg>admin@site.com</arg>
<doc>Returns the given values which can then be assigned to a variables.</doc>
<msg timestamp="20250203 23:23:46.234" level="INFO">${email} = admin@site.com</msg>
<status status="PASS" starttime="20250203 23:23:46.234" endtime="20250203 23:23:46.234"/>
</kw>
<kw name="Input Text" library="SeleniumLibrary">
<arg>${login.campoemail}</arg>
<arg>${email}</arg>
<doc>Types the given ``text`` into the text field identified by ``locator``.</doc>
<msg timestamp="20250203 23:23:46.236" level="INFO">Typing text 'admin@site.com' into text field '//input[@type="text"]'.</msg>
<status status="PASS" starttime="20250203 23:23:46.234" endtime="20250203 23:23:46.360"/>
</kw>
<kw name="Set Variable" library="BuiltIn">
<var>${senha}</var>
<arg>TBmerT6Sqc</arg>
<doc>Returns the given values which can then be assigned to a variables.</doc>
<msg timestamp="20250203 23:23:46.361" level="INFO">${senha} = TBmerT6Sqc</msg>
<status status="PASS" starttime="20250203 23:23:46.360" endtime="20250203 23:23:46.361"/>
</kw>
<kw name="Input Password" library="SeleniumLibrary">
<arg>${login.camposenha}</arg>
<arg>${senha}</arg>
<doc>Types the given password into the text field identified by ``locator``.</doc>
<msg timestamp="20250203 23:23:46.362" level="INFO">Typing password into text field '//input[@type="password"]'.</msg>
<msg timestamp="20250203 23:23:46.370" level="INFO">Temporally setting log level to: NONE</msg>
<msg timestamp="20250203 23:23:46.386" level="INFO">Log level changed from NONE to INFO.</msg>
<status status="PASS" starttime="20250203 23:23:46.361" endtime="20250203 23:23:46.386"/>
</kw>
<kw name="Get Value" library="SeleniumLibrary">
<var>${valorEmail}</var>
<arg>${login.campoemail}</arg>
<doc>Returns the value attribute of the element identified by ``locator``.</doc>
<msg timestamp="20250203 23:23:46.401" level="INFO">${valorEmail} = admin@site.com</msg>
<status status="PASS" starttime="20250203 23:23:46.386" endtime="20250203 23:23:46.401"/>
</kw>
<if>
<branch type="IF" condition="$valorEmail == $email">
<kw name="Get Value" library="SeleniumLibrary">
<var>${valorSenha}</var>
<arg>${login.camposenha}</arg>
<doc>Returns the value attribute of the element identified by ``locator``.</doc>
<msg timestamp="20250203 23:23:46.418" level="INFO">${valorSenha} = TBmerT6Sqc</msg>
<status status="PASS" starttime="20250203 23:23:46.402" endtime="20250203 23:23:46.418"/>
</kw>
<if>
<branch type="IF" condition="$valorSenha == $senha">
<kw name="Log To Console" library="BuiltIn">
<arg>2ºPasso: Ok</arg>
<doc>Logs the given message to the console.</doc>
<status status="PASS" starttime="20250203 23:23:46.418" endtime="20250203 23:23:46.419"/>
</kw>
<status status="PASS" starttime="20250203 23:23:46.418" endtime="20250203 23:23:46.419"/>
</branch>
<branch type="ELSE">
<kw name="Fail" library="BuiltIn">
<arg>2ºPasso: Falhou - O campo de senha não foi preenchido corretamente e sim com o valor: ${valorSenha}</arg>
<doc>Fails the test with the given message and optionally alters its tags.</doc>
<status status="NOT RUN" starttime="20250203 23:23:46.419" endtime="20250203 23:23:46.419"/>
</kw>
<status status="NOT RUN" starttime="20250203 23:23:46.419" endtime="20250203 23:23:46.419"/>
</branch>
<status status="PASS" starttime="20250203 23:23:46.418" endtime="20250203 23:23:46.420"/>
</if>
<status status="PASS" starttime="20250203 23:23:46.402" endtime="20250203 23:23:46.420"/>
</branch>
<branch type="ELSE">
<kw name="Fail" library="BuiltIn">
<arg>2ºPasso: Falhou - O campo de email não foi preenchido corretamente e sim com o valor: ${valorEmail}</arg>
<doc>Fails the test with the given message and optionally alters its tags.</doc>
<status status="NOT RUN" starttime="20250203 23:23:46.420" endtime="20250203 23:23:46.420"/>
</kw>
<status status="NOT RUN" starttime="20250203 23:23:46.420" endtime="20250203 23:23:46.420"/>
</branch>
<status status="PASS" starttime="20250203 23:23:46.401" endtime="20250203 23:23:46.420"/>
</if>
<status status="PASS" starttime="20250203 23:23:46.233" endtime="20250203 23:23:46.420"/>
</kw>
<kw name="Quando ele Clicar no botão de Entrar">
<kw name="Click Element" library="SeleniumLibrary">
<arg>${login.btnEntrar}</arg>
<doc>Click the element identified by ``locator``.</doc>
<msg timestamp="20250203 23:23:46.421" level="INFO">Clicking element '//button[@id="btn-login"]'.</msg>
<status status="PASS" starttime="20250203 23:23:46.420" endtime="20250203 23:23:46.669"/>
</kw>
<kw name="Log To Console" library="BuiltIn">
<arg>3ºPasso: Ok</arg>
<doc>Logs the given message to the console.</doc>
<status status="PASS" starttime="20250203 23:23:46.669" endtime="20250203 23:23:46.669"/>
</kw>
<status status="PASS" starttime="20250203 23:23:46.420" endtime="20250203 23:23:46.669"/>
</kw>
<kw name="Então ele terá finalizado o login com sucesso">
<kw name="Set Variable" library="BuiltIn">
<var>${tempoEspera}</var>
<arg>6</arg>
<doc>Returns the given values which can then be assigned to a variables.</doc>
<msg timestamp="20250203 23:23:46.670" level="INFO">${tempoEspera} = 6</msg>
<status status="PASS" starttime="20250203 23:23:46.670" endtime="20250203 23:23:46.670"/>
</kw>
<kw name="Run Keyword And Return Status" library="BuiltIn">
<var>${visivel}</var>
<arg>Wait Until Element Is Not Visible</arg>
<arg>${login.cardLogin}</arg>
<arg>${tempoEspera}</arg>
<doc>Runs the given keyword with given arguments and returns the status as a Boolean value.</doc>
<kw name="Wait Until Element Is Not Visible" library="SeleniumLibrary">
<arg>${login.cardLogin}</arg>
<arg>${tempoEspera}</arg>
<doc>Waits until the element ``locator`` is not visible.</doc>
<status status="PASS" starttime="20250203 23:23:46.671" endtime="20250203 23:23:50.367"/>
</kw>
<msg timestamp="20250203 23:23:50.367" level="INFO">${visivel} = True</msg>
<status status="PASS" starttime="20250203 23:23:46.670" endtime="20250203 23:23:50.367"/>
</kw>
<if>
<branch type="IF" condition="${visivel}">
<kw name="Log To Console" library="BuiltIn">
<arg>4º Passo: Ok - Página inicial oculta como esperado.</arg>
<doc>Logs the given message to the console.</doc>
<status status="PASS" starttime="20250203 23:23:50.367" endtime="20250203 23:23:50.368"/>
</kw>
<kw name="Close Browser" library="SeleniumLibrary">
<doc>Closes the current browser.</doc>
<status status="PASS" starttime="20250203 23:23:50.368" endtime="20250203 23:23:53.651"/>
</kw>
<status status="PASS" starttime="20250203 23:23:50.367" endtime="20250203 23:23:53.651"/>
</branch>
<branch type="ELSE">
<kw name="Fail" library="BuiltIn">
<arg>4º Passo: Falhou - A página inicial de configuração do CMS ainda está visível após ${tempoEspera} segundos.</arg>
<doc>Fails the test with the given message and optionally alters its tags.</doc>
<status status="NOT RUN" starttime="20250203 23:23:53.651" endtime="20250203 23:23:53.652"/>
</kw>
<status status="NOT RUN" starttime="20250203 23:23:53.651" endtime="20250203 23:23:53.652"/>
</branch>
<status status="PASS" starttime="20250203 23:23:50.367" endtime="20250203 23:23:53.652"/>
</if>
<status status="PASS" starttime="20250203 23:23:46.670" endtime="20250203 23:23:53.652"/>
</kw>
<status status="PASS" starttime="20250203 23:23:33.008" endtime="20250203 23:23:53.652"/>
</test>
<test id="s1-s1-s2-t2" name="Logando Sem Senha" line="172">
<kw name="Dado um usuário Acessando a página de login do CMS">
<kw name="Open Browser" library="SeleniumLibrary">
<arg>${login.url}</arg>
<arg>firefox</arg>
<arg>options=add_argument("--headless")</arg>
<doc>Opens a new browser instance to the optional ``url``.</doc>
<msg timestamp="20250203 23:23:53.654" level="INFO">Opening browser 'firefox' to base url 'https://manual.biobots.com.br/login'.</msg>
<status status="PASS" starttime="20250203 23:23:53.654" endtime="20250203 23:24:01.766"/>
</kw>
<kw name="Run Keyword And Return Status" library="BuiltIn">
<var>${visivel}</var>
<arg>Wait Until Element Is Visible</arg>
<arg>${login.cardLogin}</arg>
<arg>2</arg>
<doc>Runs the given keyword with given arguments and returns the status as a Boolean value.</doc>
<kw name="Wait Until Element Is Visible" library="SeleniumLibrary">
<arg>${login.cardLogin}</arg>
<arg>2</arg>
<doc>Waits until the element ``locator`` is visible.</doc>
<status status="PASS" starttime="20250203 23:24:01.767" endtime="20250203 23:24:01.855"/>
</kw>
<msg timestamp="20250203 23:24:01.855" level="INFO">${visivel} = True</msg>
<status status="PASS" starttime="20250203 23:24:01.766" endtime="20250203 23:24:01.855"/>
</kw>
<if>
<branch type="IF" condition="${visivel}">
<kw name="Log To Console" library="BuiltIn">
<arg>1º Passo: Ok</arg>
<doc>Logs the given message to the console.</doc>
<status status="PASS" starttime="20250203 23:24:01.855" endtime="20250203 23:24:01.856"/>
</kw>
<status status="PASS" starttime="20250203 23:24:01.855" endtime="20250203 23:24:01.856"/>
</branch>
<branch type="ELSE">
<kw name="Fail" library="BuiltIn">
<arg>1º Passo: Falhou - Página de Login não encontrada</arg>
<doc>Fails the test with the given message and optionally alters its tags.</doc>
<status status="NOT RUN" starttime="20250203 23:24:01.857" endtime="20250203 23:24:01.857"/>
</kw>
<status status="NOT RUN" starttime="20250203 23:24:01.856" endtime="20250203 23:24:01.857"/>
</branch>
<status status="PASS" starttime="20250203 23:24:01.855" endtime="20250203 23:24:01.857"/>
</if>
<kw name="Create Dictionary" library="BuiltIn">
<var>&amp;{fields}</var>
<arg>Campo de Email=${login.campoemail}</arg>
<arg>Campo de Senha=${login.camposenha}</arg>
<arg>Botão de Entrar=${login.btnEntrar}</arg>
<doc>Creates and returns a dictionary based on the given ``items``.</doc>
<msg timestamp="20250203 23:24:01.859" level="INFO">&amp;{fields} = { Campo de Email=//input[@type="text"] | Campo de Senha=//input[@type="password"] | Botão de Entrar=//button[@id="btn-login"] }</msg>
<status status="PASS" starttime="20250203 23:24:01.857" endtime="20250203 23:24:01.859"/>
</kw>
<kw name="Create List" library="BuiltIn">
<var>@{Campos_Nao_Encontrados}</var>
<doc>Returns a list containing given items.</doc>
<msg timestamp="20250203 23:24:01.860" level="INFO">@{Campos_Nao_Encontrados} = [ ]</msg>
<status status="PASS" starttime="20250203 23:24:01.860" endtime="20250203 23:24:01.860"/>
</kw>
<kw name="Sleep" library="BuiltIn">
<arg>2</arg>
<doc>Pauses the test executed for the given time.</doc>
<msg timestamp="20250203 23:24:03.860" level="INFO">Slept 2 seconds</msg>
<status status="PASS" starttime="20250203 23:24:01.860" endtime="20250203 23:24:03.860"/>
</kw>
<for flavor="IN">
<var>${field}</var>
<value>@{fields.keys()}</value>
<iter>
<var name="${field}">Campo de Email</var>
<kw name="Run Keyword And Return Status" library="BuiltIn">
<var>${Visible}</var>
<arg>Element Should Be Visible</arg>
<arg>${fields["${field}"]}</arg>
<doc>Runs the given keyword with given arguments and returns the status as a Boolean value.</doc>
<kw name="Element Should Be Visible" library="SeleniumLibrary">
<arg>${fields["${field}"]}</arg>
<doc>Verifies that the element identified by ``locator`` is visible.</doc>
<msg timestamp="20250203 23:24:03.888" level="INFO">Element '//input[@type="text"]' is displayed.</msg>
<status status="PASS" starttime="20250203 23:24:03.861" endtime="20250203 23:24:03.888"/>
</kw>
<msg timestamp="20250203 23:24:03.888" level="INFO">${Visible} = True</msg>
<status status="PASS" starttime="20250203 23:24:03.861" endtime="20250203 23:24:03.888"/>
</kw>
<if>
<branch type="IF" condition="'${Visible}' == 'False'">
<kw name="Append To List" library="Collections">
<arg>${Campos_Nao_Encontrados}</arg>
<arg>${field}</arg>
<doc>Adds ``values`` to the end of ``list``.</doc>
<status status="NOT RUN" starttime="20250203 23:24:03.889" endtime="20250203 23:24:03.889"/>
</kw>
<status status="NOT RUN" starttime="20250203 23:24:03.889" endtime="20250203 23:24:03.889"/>
</branch>
<status status="PASS" starttime="20250203 23:24:03.889" endtime="20250203 23:24:03.889"/>
</if>
<status status="PASS" starttime="20250203 23:24:03.861" endtime="20250203 23:24:03.889"/>
</iter>
<iter>
<var name="${field}">Campo de Senha</var>
<kw name="Run Keyword And Return Status" library="BuiltIn">
<var>${Visible}</var>
<arg>Element Should Be Visible</arg>
<arg>${fields["${field}"]}</arg>
<doc>Runs the given keyword with given arguments and returns the status as a Boolean value.</doc>
<kw name="Element Should Be Visible" library="SeleniumLibrary">
<arg>${fields["${field}"]}</arg>
<doc>Verifies that the element identified by ``locator`` is visible.</doc>
<msg timestamp="20250203 23:24:03.915" level="INFO">Element '//input[@type="password"]' is displayed.</msg>
<status status="PASS" starttime="20250203 23:24:03.890" endtime="20250203 23:24:03.915"/>
</kw>
<msg timestamp="20250203 23:24:03.915" level="INFO">${Visible} = True</msg>
<status status="PASS" starttime="20250203 23:24:03.890" endtime="20250203 23:24:03.915"/>
</kw>
<if>
<branch type="IF" condition="'${Visible}' == 'False'">
<kw name="Append To List" library="Collections">
<arg>${Campos_Nao_Encontrados}</arg>
<arg>${field}</arg>
<doc>Adds ``values`` to the end of ``list``.</doc>
<status status="NOT RUN" starttime="20250203 23:24:03.916" endtime="20250203 23:24:03.916"/>
</kw>
<status status="NOT RUN" starttime="20250203 23:24:03.915" endtime="20250203 23:24:03.916"/>
</branch>
<status status="PASS" starttime="20250203 23:24:03.915" endtime="20250203 23:24:03.916"/>
</if>
<status status="PASS" starttime="20250203 23:24:03.890" endtime="20250203 23:24:03.916"/>
</iter>
<iter>
<var name="${field}">Botão de Entrar</var>
<kw name="Run Keyword And Return Status" library="BuiltIn">
<var>${Visible}</var>
<arg>Element Should Be Visible</arg>
<arg>${fields["${field}"]}</arg>
<doc>Runs the given keyword with given arguments and returns the status as a Boolean value.</doc>
<kw name="Element Should Be Visible" library="SeleniumLibrary">
<arg>${fields["${field}"]}</arg>
<doc>Verifies that the element identified by ``locator`` is visible.</doc>
<msg timestamp="20250203 23:24:03.938" level="INFO">Element '//button[@id="btn-login"]' is displayed.</msg>
<status status="PASS" starttime="20250203 23:24:03.916" endtime="20250203 23:24:03.938"/>
</kw>
<msg timestamp="20250203 23:24:03.938" level="INFO">${Visible} = True</msg>
<status status="PASS" starttime="20250203 23:24:03.916" endtime="20250203 23:24:03.939"/>
</kw>
<if>
<branch type="IF" condition="'${Visible}' == 'False'">
<kw name="Append To List" library="Collections">
<arg>${Campos_Nao_Encontrados}</arg>
<arg>${field}</arg>
<doc>Adds ``values`` to the end of ``list``.</doc>
<status status="NOT RUN" starttime="20250203 23:24:03.939" endtime="20250203 23:24:03.939"/>
</kw>
<status status="NOT RUN" starttime="20250203 23:24:03.939" endtime="20250203 23:24:03.940"/>
</branch>
<status status="PASS" starttime="20250203 23:24:03.939" endtime="20250203 23:24:03.940"/>
</if>
<status status="PASS" starttime="20250203 23:24:03.916" endtime="20250203 23:24:03.940"/>
</iter>
<status status="PASS" starttime="20250203 23:24:03.860" endtime="20250203 23:24:03.940"/>
</for>
<if>
<branch type="IF" condition="${Campos_Nao_Encontrados} != []">
<kw name="Fail" library="BuiltIn">
<arg>1ºPasso: Falhou - O campos ${Campos_Nao_Encontrados} não foram encontrados</arg>
<doc>Fails the test with the given message and optionally alters its tags.</doc>
<status status="NOT RUN" starttime="20250203 23:24:03.940" endtime="20250203 23:24:03.940"/>
</kw>
<status status="NOT RUN" starttime="20250203 23:24:03.940" endtime="20250203 23:24:03.940"/>
</branch>
<branch type="ELSE">
<kw name="Sleep" library="BuiltIn">
<arg>2</arg>
<doc>Pauses the test executed for the given time.</doc>
<msg timestamp="20250203 23:24:05.943" level="INFO">Slept 2 seconds</msg>
<status status="PASS" starttime="20250203 23:24:03.940" endtime="20250203 23:24:05.943"/>
</kw>
<status status="PASS" starttime="20250203 23:24:03.940" endtime="20250203 23:24:05.943"/>
</branch>
<status status="PASS" starttime="20250203 23:24:03.940" endtime="20250203 23:24:05.943"/>
</if>
<status status="PASS" starttime="20250203 23:23:53.654" endtime="20250203 23:24:05.943"/>
</kw>
<kw name="E preenchendo apenas o campo de e-mail">
<kw name="Set Variable" library="BuiltIn">
<var>${email}</var>
<arg>admin@site.com</arg>
<doc>Returns the given values which can then be assigned to a variables.</doc>
<msg timestamp="20250203 23:24:05.953" level="INFO">${email} = admin@site.com</msg>
<status status="PASS" starttime="20250203 23:24:05.953" endtime="20250203 23:24:05.953"/>
</kw>
<kw name="Input Text" library="SeleniumLibrary">
<arg>${login.campoemail}</arg>
<arg>${email}</arg>
<doc>Types the given ``text`` into the text field identified by ``locator``.</doc>
<msg timestamp="20250203 23:24:05.955" level="INFO">Typing text 'admin@site.com' into text field '//input[@type="text"]'.</msg>
<status status="PASS" starttime="20250203 23:24:05.954" endtime="20250203 23:24:06.097"/>
</kw>
<kw name="Get Value" library="SeleniumLibrary">
<var>${valorEmail}</var>
<arg>${login.campoemail}</arg>
<doc>Returns the value attribute of the element identified by ``locator``.</doc>
<msg timestamp="20250203 23:24:06.120" level="INFO">${valorEmail} = admin@site.com</msg>
<status status="PASS" starttime="20250203 23:24:06.097" endtime="20250203 23:24:06.120"/>
</kw>
<if>
<branch type="IF" condition="$valorEmail == $email">
<kw name="Log To Console" library="BuiltIn">
<arg>3ºPasso: Ok</arg>
<doc>Logs the given message to the console.</doc>
<status status="PASS" starttime="20250203 23:24:06.120" endtime="20250203 23:24:06.120"/>
</kw>
<status status="PASS" starttime="20250203 23:24:06.120" endtime="20250203 23:24:06.120"/>
</branch>
<branch type="ELSE">
<kw name="Fail" library="BuiltIn">
<arg>3ºPasso: Falhou - O campo de email não foi preenchido corretamente e sim com o valor: ${valorEmail}</arg>
<doc>Fails the test with the given message and optionally alters its tags.</doc>
<status status="NOT RUN" starttime="20250203 23:24:06.121" endtime="20250203 23:24:06.121"/>
</kw>
<status status="NOT RUN" starttime="20250203 23:24:06.121" endtime="20250203 23:24:06.121"/>
</branch>
<status status="PASS" starttime="20250203 23:24:06.120" endtime="20250203 23:24:06.121"/>
</if>
<status status="PASS" starttime="20250203 23:24:05.944" endtime="20250203 23:24:06.121"/>
</kw>
<kw name="Quando ele Clicar no botão de Entrar">
<kw name="Click Element" library="SeleniumLibrary">
<arg>${login.btnEntrar}</arg>
<doc>Click the element identified by ``locator``.</doc>
<msg timestamp="20250203 23:24:06.124" level="INFO">Clicking element '//button[@id="btn-login"]'.</msg>
<status status="PASS" starttime="20250203 23:24:06.122" endtime="20250203 23:24:06.419"/>
</kw>
<kw name="Log To Console" library="BuiltIn">
<arg>3ºPasso: Ok</arg>
<doc>Logs the given message to the console.</doc>
<status status="PASS" starttime="20250203 23:24:06.420" endtime="20250203 23:24:06.421"/>
</kw>
<status status="PASS" starttime="20250203 23:24:06.122" endtime="20250203 23:24:06.421"/>
</kw>
<kw name="Então ele deverá ter seu login impedido pela falta de preenchimento de e-mail ou senha">
<kw name="Set Variable" library="BuiltIn">
<var>${tempoEspera}</var>
<arg>6</arg>
<doc>Returns the given values which can then be assigned to a variables.</doc>
<msg timestamp="20250203 23:24:06.422" level="INFO">${tempoEspera} = 6</msg>
<status status="PASS" starttime="20250203 23:24:06.422" endtime="20250203 23:24:06.422"/>
</kw>
<kw name="Run Keyword And Return Status" library="BuiltIn">
<var>${visivel}</var>
<arg>Wait Until Element Is Visible</arg>
<arg>${login.validacaoLogin}</arg>
<arg>${tempoEspera}</arg>
<doc>Runs the given keyword with given arguments and returns the status as a Boolean value.</doc>
<kw name="Wait Until Element Is Visible" library="SeleniumLibrary">
<arg>${login.validacaoLogin}</arg>
<arg>${tempoEspera}</arg>
<doc>Waits until the element ``locator`` is visible.</doc>
<status status="PASS" starttime="20250203 23:24:06.423" endtime="20250203 23:24:06.457"/>
</kw>
<msg timestamp="20250203 23:24:06.458" level="INFO">${visivel} = True</msg>
<status status="PASS" starttime="20250203 23:24:06.423" endtime="20250203 23:24:06.458"/>
</kw>
<if>
<branch type="IF" condition="${visivel}">
<kw name="Log To Console" library="BuiltIn">
<arg>4º Passo: Ok - mensagem de validação de e-mail e senha mostrada com sucesso!!</arg>
<doc>Logs the given message to the console.</doc>
<status status="PASS" starttime="20250203 23:24:06.459" endtime="20250203 23:24:06.460"/>
</kw>
<kw name="Close Browser" library="SeleniumLibrary">
<doc>Closes the current browser.</doc>
<status status="PASS" starttime="20250203 23:24:06.460" endtime="20250203 23:24:09.815"/>
</kw>
<status status="PASS" starttime="20250203 23:24:06.458" endtime="20250203 23:24:09.815"/>
</branch>
<branch type="ELSE">
<kw name="Fail" library="BuiltIn">
<arg>4º Passo: Falhou - A mensagem de validação de e-mail e senha não foi vista em ${tempoEspera} segundos</arg>
<doc>Fails the test with the given message and optionally alters its tags.</doc>
<status status="NOT RUN" starttime="20250203 23:24:09.815" endtime="20250203 23:24:09.816"/>
</kw>
<status status="NOT RUN" starttime="20250203 23:24:09.815" endtime="20250203 23:24:09.816"/>
</branch>
<status status="PASS" starttime="20250203 23:24:06.458" endtime="20250203 23:24:09.816"/>
</if>
<status status="PASS" starttime="20250203 23:24:06.421" endtime="20250203 23:24:09.816"/>
</kw>
<status status="PASS" starttime="20250203 23:23:53.654" endtime="20250203 23:24:09.818"/>
</test>
<test id="s1-s1-s2-t3" name="Logando Sem E-mail" line="177">
<kw name="Dado um usuário Acessando a página de login do CMS">
<kw name="Open Browser" library="SeleniumLibrary">
<arg>${login.url}</arg>
<arg>firefox</arg>
<arg>options=add_argument("--headless")</arg>
<doc>Opens a new browser instance to the optional ``url``.</doc>
<msg timestamp="20250203 23:24:09.823" level="INFO">Opening browser 'firefox' to base url 'https://manual.biobots.com.br/login'.</msg>
<status status="PASS" starttime="20250203 23:24:09.822" endtime="20250203 23:24:18.755"/>
</kw>
<kw name="Run Keyword And Return Status" library="BuiltIn">
<var>${visivel}</var>
<arg>Wait Until Element Is Visible</arg>
<arg>${login.cardLogin}</arg>
<arg>2</arg>
<doc>Runs the given keyword with given arguments and returns the status as a Boolean value.</doc>
<kw name="Wait Until Element Is Visible" library="SeleniumLibrary">
<arg>${login.cardLogin}</arg>
<arg>2</arg>
<doc>Waits until the element ``locator`` is visible.</doc>
<status status="PASS" starttime="20250203 23:24:18.756" endtime="20250203 23:24:18.832"/>
</kw>
<msg timestamp="20250203 23:24:18.832" level="INFO">${visivel} = True</msg>
<status status="PASS" starttime="20250203 23:24:18.755" endtime="20250203 23:24:18.832"/>
</kw>
<if>
<branch type="IF" condition="${visivel}">
<kw name="Log To Console" library="BuiltIn">
<arg>1º Passo: Ok</arg>
<doc>Logs the given message to the console.</doc>
<status status="PASS" starttime="20250203 23:24:18.833" endtime="20250203 23:24:18.833"/>
</kw>
<status status="PASS" starttime="20250203 23:24:18.833" endtime="20250203 23:24:18.833"/>
</branch>
<branch type="ELSE">
<kw name="Fail" library="BuiltIn">
<arg>1º Passo: Falhou - Página de Login não encontrada</arg>
<doc>Fails the test with the given message and optionally alters its tags.</doc>
<status status="NOT RUN" starttime="20250203 23:24:18.834" endtime="20250203 23:24:18.834"/>
</kw>
<status status="NOT RUN" starttime="20250203 23:24:18.833" endtime="20250203 23:24:18.834"/>
</branch>
<status status="PASS" starttime="20250203 23:24:18.832" endtime="20250203 23:24:18.834"/>
</if>
<kw name="Create Dictionary" library="BuiltIn">
<var>&amp;{fields}</var>
<arg>Campo de Email=${login.campoemail}</arg>
<arg>Campo de Senha=${login.camposenha}</arg>
<arg>Botão de Entrar=${login.btnEntrar}</arg>
<doc>Creates and returns a dictionary based on the given ``items``.</doc>
<msg timestamp="20250203 23:24:18.836" level="INFO">&amp;{fields} = { Campo de Email=//input[@type="text"] | Campo de Senha=//input[@type="password"] | Botão de Entrar=//button[@id="btn-login"] }</msg>
<status status="PASS" starttime="20250203 23:24:18.834" endtime="20250203 23:24:18.836"/>
</kw>
<kw name="Create List" library="BuiltIn">
<var>@{Campos_Nao_Encontrados}</var>
<doc>Returns a list containing given items.</doc>
<msg timestamp="20250203 23:24:18.836" level="INFO">@{Campos_Nao_Encontrados} = [ ]</msg>
<status status="PASS" starttime="20250203 23:24:18.836" endtime="20250203 23:24:18.836"/>
</kw>
<kw name="Sleep" library="BuiltIn">
<arg>2</arg>
<doc>Pauses the test executed for the given time.</doc>
<msg timestamp="20250203 23:24:20.837" level="INFO">Slept 2 seconds</msg>
<status status="PASS" starttime="20250203 23:24:18.836" endtime="20250203 23:24:20.837"/>
</kw>
<for flavor="IN">
<var>${field}</var>
<value>@{fields.keys()}</value>
<iter>
<var name="${field}">Campo de Email</var>
<kw name="Run Keyword And Return Status" library="BuiltIn">
<var>${Visible}</var>
<arg>Element Should Be Visible</arg>
<arg>${fields["${field}"]}</arg>
<doc>Runs the given keyword with given arguments and returns the status as a Boolean value.</doc>
<kw name="Element Should Be Visible" library="SeleniumLibrary">
<arg>${fields["${field}"]}</arg>
<doc>Verifies that the element identified by ``locator`` is visible.</doc>
<msg timestamp="20250203 23:24:20.856" level="INFO">Element '//input[@type="text"]' is displayed.</msg>
<status status="PASS" starttime="20250203 23:24:20.838" endtime="20250203 23:24:20.856"/>
</kw>
<msg timestamp="20250203 23:24:20.856" level="INFO">${Visible} = True</msg>
<status status="PASS" starttime="20250203 23:24:20.838" endtime="20250203 23:24:20.856"/>
</kw>
<if>
<branch type="IF" condition="'${Visible}' == 'False'">
<kw name="Append To List" library="Collections">
<arg>${Campos_Nao_Encontrados}</arg>
<arg>${field}</arg>
<doc>Adds ``values`` to the end of ``list``.</doc>
<status status="NOT RUN" starttime="20250203 23:24:20.857" endtime="20250203 23:24:20.857"/>
</kw>
<status status="NOT RUN" starttime="20250203 23:24:20.856" endtime="20250203 23:24:20.857"/>
</branch>
<status status="PASS" starttime="20250203 23:24:20.856" endtime="20250203 23:24:20.857"/>
</if>
<status status="PASS" starttime="20250203 23:24:20.838" endtime="20250203 23:24:20.857"/>
</iter>
<iter>
<var name="${field}">Campo de Senha</var>
<kw name="Run Keyword And Return Status" library="BuiltIn">
<var>${Visible}</var>
<arg>Element Should Be Visible</arg>
<arg>${fields["${field}"]}</arg>
<doc>Runs the given keyword with given arguments and returns the status as a Boolean value.</doc>
<kw name="Element Should Be Visible" library="SeleniumLibrary">
<arg>${fields["${field}"]}</arg>
<doc>Verifies that the element identified by ``locator`` is visible.</doc>
<msg timestamp="20250203 23:24:20.874" level="INFO">Element '//input[@type="password"]' is displayed.</msg>
<status status="PASS" starttime="20250203 23:24:20.857" endtime="20250203 23:24:20.874"/>
</kw>
<msg timestamp="20250203 23:24:20.874" level="INFO">${Visible} = True</msg>
<status status="PASS" starttime="20250203 23:24:20.857" endtime="20250203 23:24:20.874"/>
</kw>
<if>
<branch type="IF" condition="'${Visible}' == 'False'">
<kw name="Append To List" library="Collections">
<arg>${Campos_Nao_Encontrados}</arg>
<arg>${field}</arg>
<doc>Adds ``values`` to the end of ``list``.</doc>
<status status="NOT RUN" starttime="20250203 23:24:20.876" endtime="20250203 23:24:20.876"/>
</kw>
<status status="NOT RUN" starttime="20250203 23:24:20.874" endtime="20250203 23:24:20.876"/>
</branch>
<status status="PASS" starttime="20250203 23:24:20.874" endtime="20250203 23:24:20.876"/>
</if>
<status status="PASS" starttime="20250203 23:24:20.857" endtime="20250203 23:24:20.876"/>
</iter>
<iter>
<var name="${field}">Botão de Entrar</var>
<kw name="Run Keyword And Return Status" library="BuiltIn">
<var>${Visible}</var>
<arg>Element Should Be Visible</arg>
<arg>${fields["${field}"]}</arg>
<doc>Runs the given keyword with given arguments and returns the status as a Boolean value.</doc>
<kw name="Element Should Be Visible" library="SeleniumLibrary">
<arg>${fields["${field}"]}</arg>
<doc>Verifies that the element identified by ``locator`` is visible.</doc>
<msg timestamp="20250203 23:24:20.890" level="INFO">Element '//button[@id="btn-login"]' is displayed.</msg>
<status status="PASS" starttime="20250203 23:24:20.876" endtime="20250203 23:24:20.890"/>
</kw>
<msg timestamp="20250203 23:24:20.891" level="INFO">${Visible} = True</msg>
<status status="PASS" starttime="20250203 23:24:20.876" endtime="20250203 23:24:20.891"/>
</kw>
<if>
<branch type="IF" condition="'${Visible}' == 'False'">
<kw name="Append To List" library="Collections">
<arg>${Campos_Nao_Encontrados}</arg>
<arg>${field}</arg>
<doc>Adds ``values`` to the end of ``list``.</doc>
<status status="NOT RUN" starttime="20250203 23:24:20.891" endtime="20250203 23:24:20.891"/>
</kw>
<status status="NOT RUN" starttime="20250203 23:24:20.891" endtime="20250203 23:24:20.891"/>
</branch>
<status status="PASS" starttime="20250203 23:24:20.891" endtime="20250203 23:24:20.891"/>
</if>
<status status="PASS" starttime="20250203 23:24:20.876" endtime="20250203 23:24:20.891"/>
</iter>
<status status="PASS" starttime="20250203 23:24:20.837" endtime="20250203 23:24:20.891"/>
</for>
<if>
<branch type="IF" condition="${Campos_Nao_Encontrados} != []">
<kw name="Fail" library="BuiltIn">
<arg>1ºPasso: Falhou - O campos ${Campos_Nao_Encontrados} não foram encontrados</arg>
<doc>Fails the test with the given message and optionally alters its tags.</doc>
<status status="NOT RUN" starttime="20250203 23:24:20.891" endtime="20250203 23:24:20.891"/>
</kw>
<status status="NOT RUN" starttime="20250203 23:24:20.891" endtime="20250203 23:24:20.891"/>
</branch>
<branch type="ELSE">
<kw name="Sleep" library="BuiltIn">
<arg>2</arg>
<doc>Pauses the test executed for the given time.</doc>
<msg timestamp="20250203 23:24:22.891" level="INFO">Slept 2 seconds</msg>
<status status="PASS" starttime="20250203 23:24:20.891" endtime="20250203 23:24:22.891"/>
</kw>
<status status="PASS" starttime="20250203 23:24:20.891" endtime="20250203 23:24:22.891"/>
</branch>
<status status="PASS" starttime="20250203 23:24:20.891" endtime="20250203 23:24:22.891"/>
</if>
<status status="PASS" starttime="20250203 23:24:09.822" endtime="20250203 23:24:22.891"/>
</kw>
<kw name="E preenchendo apenas o campo de senha">
<kw name="Set Variable" library="BuiltIn">
<var>${senha}</var>
<arg>TBmerT6Sqc</arg>
<doc>Returns the given values which can then be assigned to a variables.</doc>
<msg timestamp="20250203 23:24:22.893" level="INFO">${senha} = TBmerT6Sqc</msg>
<status status="PASS" starttime="20250203 23:24:22.891" endtime="20250203 23:24:22.893"/>
</kw>
<kw name="Input Password" library="SeleniumLibrary">
<arg>${login.camposenha}</arg>
<arg>${senha}</arg>
<doc>Types the given password into the text field identified by ``locator``.</doc>
<msg timestamp="20250203 23:24:22.894" level="INFO">Typing password into text field '//input[@type="password"]'.</msg>
<msg timestamp="20250203 23:24:22.904" level="INFO">Temporally setting log level to: NONE</msg>
<msg timestamp="20250203 23:24:22.955" level="INFO">Log level changed from NONE to INFO.</msg>
<status status="PASS" starttime="20250203 23:24:22.893" endtime="20250203 23:24:22.955"/>
</kw>
<kw name="Get Value" library="SeleniumLibrary">
<var>${valorSenha}</var>
<arg>${login.camposenha}</arg>
<doc>Returns the value attribute of the element identified by ``locator``.</doc>
<msg timestamp="20250203 23:24:22.980" level="INFO">${valorSenha} = TBmerT6Sqc</msg>
<status status="PASS" starttime="20250203 23:24:22.955" endtime="20250203 23:24:22.980"/>
</kw>
<if>
<branch type="IF" condition="$valorSenha == $senha">
<kw name="Log To Console" library="BuiltIn">
<arg>2ºPasso: Ok</arg>
<doc>Logs the given message to the console.</doc>
<status status="PASS" starttime="20250203 23:24:22.981" endtime="20250203 23:24:22.981"/>
</kw>
<status status="PASS" starttime="20250203 23:24:22.980" endtime="20250203 23:24:22.981"/>
</branch>
<branch type="ELSE">
<kw name="Fail" library="BuiltIn">
<arg>2ºPasso: Falhou - O campo de senha não foi preenchido corretamente e sim com o valor: ${valorSenha}</arg>
<doc>Fails the test with the given message and optionally alters its tags.</doc>
<status status="NOT RUN" starttime="20250203 23:24:22.981" endtime="20250203 23:24:22.981"/>
</kw>
<status status="NOT RUN" starttime="20250203 23:24:22.981" endtime="20250203 23:24:22.981"/>
</branch>
<status status="PASS" starttime="20250203 23:24:22.980" endtime="20250203 23:24:22.981"/>
</if>
<status status="PASS" starttime="20250203 23:24:22.891" endtime="20250203 23:24:22.981"/>
</kw>
<kw name="Quando ele Clicar no botão de Entrar">
<kw name="Click Element" library="SeleniumLibrary">
<arg>${login.btnEntrar}</arg>
<doc>Click the element identified by ``locator``.</doc>
<msg timestamp="20250203 23:24:22.983" level="INFO">Clicking element '//button[@id="btn-login"]'.</msg>
<status status="PASS" starttime="20250203 23:24:22.982" endtime="20250203 23:24:23.248"/>
</kw>
<kw name="Log To Console" library="BuiltIn">
<arg>3ºPasso: Ok</arg>
<doc>Logs the given message to the console.</doc>
<status status="PASS" starttime="20250203 23:24:23.248" endtime="20250203 23:24:23.249"/>
</kw>
<status status="PASS" starttime="20250203 23:24:22.982" endtime="20250203 23:24:23.249"/>
</kw>
<kw name="Então ele deverá ter seu login impedido pela falta de preenchimento de e-mail ou senha">
<kw name="Set Variable" library="BuiltIn">
<var>${tempoEspera}</var>
<arg>6</arg>
<doc>Returns the given values which can then be assigned to a variables.</doc>
<msg timestamp="20250203 23:24:23.250" level="INFO">${tempoEspera} = 6</msg>
<status status="PASS" starttime="20250203 23:24:23.250" endtime="20250203 23:24:23.250"/>
</kw>
<kw name="Run Keyword And Return Status" library="BuiltIn">
<var>${visivel}</var>
<arg>Wait Until Element Is Visible</arg>
<arg>${login.validacaoLogin}</arg>
<arg>${tempoEspera}</arg>
<doc>Runs the given keyword with given arguments and returns the status as a Boolean value.</doc>
<kw name="Wait Until Element Is Visible" library="SeleniumLibrary">
<arg>${login.validacaoLogin}</arg>
<arg>${tempoEspera}</arg>
<doc>Waits until the element ``locator`` is visible.</doc>
<status status="PASS" starttime="20250203 23:24:23.250" endtime="20250203 23:24:23.272"/>
</kw>
<msg timestamp="20250203 23:24:23.272" level="INFO">${visivel} = True</msg>
<status status="PASS" starttime="20250203 23:24:23.250" endtime="20250203 23:24:23.272"/>
</kw>
<if>
<branch type="IF" condition="${visivel}">
<kw name="Log To Console" library="BuiltIn">
<arg>4º Passo: Ok - mensagem de validação de e-mail e senha mostrada com sucesso!!</arg>
<doc>Logs the given message to the console.</doc>
<status status="PASS" starttime="20250203 23:24:23.273" endtime="20250203 23:24:23.273"/>
</kw>
<kw name="Close Browser" library="SeleniumLibrary">
<doc>Closes the current browser.</doc>
<status status="PASS" starttime="20250203 23:24:23.274" endtime="20250203 23:24:26.397"/>
</kw>
<status status="PASS" starttime="20250203 23:24:23.272" endtime="20250203 23:24:26.397"/>
</branch>
<branch type="ELSE">
<kw name="Fail" library="BuiltIn">
<arg>4º Passo: Falhou - A mensagem de validação de e-mail e senha não foi vista em ${tempoEspera} segundos</arg>
<doc>Fails the test with the given message and optionally alters its tags.</doc>
<status status="NOT RUN" starttime="20250203 23:24:26.398" endtime="20250203 23:24:26.398"/>
</kw>
<status status="NOT RUN" starttime="20250203 23:24:26.397" endtime="20250203 23:24:26.398"/>
</branch>
<status status="PASS" starttime="20250203 23:24:23.272" endtime="20250203 23:24:26.398"/>
</if>
<status status="PASS" starttime="20250203 23:24:23.250" endtime="20250203 23:24:26.398"/>
</kw>
<status status="PASS" starttime="20250203 23:24:09.821" endtime="20250203 23:24:26.398"/>
</test>
<test id="s1-s1-s2-t4" name="Logado com e-mail inexistente" line="183">
<kw name="Dado um usuário Acessando a página de login do CMS">
<kw name="Open Browser" library="SeleniumLibrary">
<arg>${login.url}</arg>
<arg>firefox</arg>
<arg>options=add_argument("--headless")</arg>
<doc>Opens a new browser instance to the optional ``url``.</doc>
<msg timestamp="20250203 23:24:26.401" level="INFO">Opening browser 'firefox' to base url 'https://manual.biobots.com.br/login'.</msg>
<status status="PASS" starttime="20250203 23:24:26.400" endtime="20250203 23:24:34.627"/>
</kw>
<kw name="Run Keyword And Return Status" library="BuiltIn">
<var>${visivel}</var>
<arg>Wait Until Element Is Visible</arg>
<arg>${login.cardLogin}</arg>
<arg>2</arg>
<doc>Runs the given keyword with given arguments and returns the status as a Boolean value.</doc>
<kw name="Wait Until Element Is Visible" library="SeleniumLibrary">
<arg>${login.cardLogin}</arg>
<arg>2</arg>
<doc>Waits until the element ``locator`` is visible.</doc>
<status status="PASS" starttime="20250203 23:24:34.627" endtime="20250203 23:24:34.660"/>
</kw>
<msg timestamp="20250203 23:24:34.660" level="INFO">${visivel} = True</msg>
<status status="PASS" starttime="20250203 23:24:34.627" endtime="20250203 23:24:34.660"/>
</kw>
<if>
<branch type="IF" condition="${visivel}">
<kw name="Log To Console" library="BuiltIn">
<arg>1º Passo: Ok</arg>
<doc>Logs the given message to the console.</doc>
<status status="PASS" starttime="20250203 23:24:34.660" endtime="20250203 23:24:34.661"/>
</kw>
<status status="PASS" starttime="20250203 23:24:34.660" endtime="20250203 23:24:34.661"/>
</branch>
<branch type="ELSE">
<kw name="Fail" library="BuiltIn">
<arg>1º Passo: Falhou - Página de Login não encontrada</arg>
<doc>Fails the test with the given message and optionally alters its tags.</doc>
<status status="NOT RUN" starttime="20250203 23:24:34.661" endtime="20250203 23:24:34.661"/>
</kw>
<status status="NOT RUN" starttime="20250203 23:24:34.661" endtime="20250203 23:24:34.661"/>
</branch>
<status status="PASS" starttime="20250203 23:24:34.660" endtime="20250203 23:24:34.661"/>
</if>
<kw name="Create Dictionary" library="BuiltIn">
<var>&amp;{fields}</var>
<arg>Campo de Email=${login.campoemail}</arg>
<arg>Campo de Senha=${login.camposenha}</arg>
<arg>Botão de Entrar=${login.btnEntrar}</arg>
<doc>Creates and returns a dictionary based on the given ``items``.</doc>
<msg timestamp="20250203 23:24:34.662" level="INFO">&amp;{fields} = { Campo de Email=//input[@type="text"] | Campo de Senha=//input[@type="password"] | Botão de Entrar=//button[@id="btn-login"] }</msg>
<status status="PASS" starttime="20250203 23:24:34.661" endtime="20250203 23:24:34.662"/>
</kw>
<kw name="Create List" library="BuiltIn">
<var>@{Campos_Nao_Encontrados}</var>
<doc>Returns a list containing given items.</doc>
<msg timestamp="20250203 23:24:34.664" level="INFO">@{Campos_Nao_Encontrados} = [ ]</msg>
<status status="PASS" starttime="20250203 23:24:34.662" endtime="20250203 23:24:34.664"/>
</kw>
<kw name="Sleep" library="BuiltIn">
<arg>2</arg>
<doc>Pauses the test executed for the given time.</doc>
<msg timestamp="20250203 23:24:36.664" level="INFO">Slept 2 seconds</msg>
<status status="PASS" starttime="20250203 23:24:34.664" endtime="20250203 23:24:36.664"/>
</kw>
<for flavor="IN">
<var>${field}</var>
<value>@{fields.keys()}</value>
<iter>
<var name="${field}">Campo de Email</var>
<kw name="Run Keyword And Return Status" library="BuiltIn">
<var>${Visible}</var>
<arg>Element Should Be Visible</arg>
<arg>${fields["${field}"]}</arg>
<doc>Runs the given keyword with given arguments and returns the status as a Boolean value.</doc>
<kw name="Element Should Be Visible" library="SeleniumLibrary">
<arg>${fields["${field}"]}</arg>
<doc>Verifies that the element identified by ``locator`` is visible.</doc>
<msg timestamp="20250203 23:24:36.689" level="INFO">Element '//input[@type="text"]' is displayed.</msg>
<status status="PASS" starttime="20250203 23:24:36.666" endtime="20250203 23:24:36.689"/>
</kw>
<msg timestamp="20250203 23:24:36.689" level="INFO">${Visible} = True</msg>
<status status="PASS" starttime="20250203 23:24:36.665" endtime="20250203 23:24:36.689"/>
</kw>
<if>
<branch type="IF" condition="'${Visible}' == 'False'">
<kw name="Append To List" library="Collections">
<arg>${Campos_Nao_Encontrados}</arg>
<arg>${field}</arg>
<doc>Adds ``values`` to the end of ``list``.</doc>
<status status="NOT RUN" starttime="20250203 23:24:36.690" endtime="20250203 23:24:36.690"/>
</kw>
<status status="NOT RUN" starttime="20250203 23:24:36.690" endtime="20250203 23:24:36.690"/>
</branch>
<status status="PASS" starttime="20250203 23:24:36.690" endtime="20250203 23:24:36.690"/>
</if>
<status status="PASS" starttime="20250203 23:24:36.665" endtime="20250203 23:24:36.690"/>
</iter>
<iter>
<var name="${field}">Campo de Senha</var>
<kw name="Run Keyword And Return Status" library="BuiltIn">
<var>${Visible}</var>
<arg>Element Should Be Visible</arg>
<arg>${fields["${field}"]}</arg>
<doc>Runs the given keyword with given arguments and returns the status as a Boolean value.</doc>
<kw name="Element Should Be Visible" library="SeleniumLibrary">
<arg>${fields["${field}"]}</arg>
<doc>Verifies that the element identified by ``locator`` is visible.</doc>
<msg timestamp="20250203 23:24:36.705" level="INFO">Element '//input[@type="password"]' is displayed.</msg>
<status status="PASS" starttime="20250203 23:24:36.690" endtime="20250203 23:24:36.705"/>
</kw>
<msg timestamp="20250203 23:24:36.706" level="INFO">${Visible} = True</msg>
<status status="PASS" starttime="20250203 23:24:36.690" endtime="20250203 23:24:36.706"/>
</kw>
<if>
<branch type="IF" condition="'${Visible}' == 'False'">
<kw name="Append To List" library="Collections">
<arg>${Campos_Nao_Encontrados}</arg>
<arg>${field}</arg>
<doc>Adds ``values`` to the end of ``list``.</doc>
<status status="NOT RUN" starttime="20250203 23:24:36.706" endtime="20250203 23:24:36.706"/>
</kw>
<status status="NOT RUN" starttime="20250203 23:24:36.706" endtime="20250203 23:24:36.706"/>
</branch>
<status status="PASS" starttime="20250203 23:24:36.706" endtime="20250203 23:24:36.706"/>
</if>
<status status="PASS" starttime="20250203 23:24:36.690" endtime="20250203 23:24:36.706"/>
</iter>
<iter>
<var name="${field}">Botão de Entrar</var>
<kw name="Run Keyword And Return Status" library="BuiltIn">
<var>${Visible}</var>
<arg>Element Should Be Visible</arg>
<arg>${fields["${field}"]}</arg>
<doc>Runs the given keyword with given arguments and returns the status as a Boolean value.</doc>
<kw name="Element Should Be Visible" library="SeleniumLibrary">
<arg>${fields["${field}"]}</arg>
<doc>Verifies that the element identified by ``locator`` is visible.</doc>
<msg timestamp="20250203 23:24:36.722" level="INFO">Element '//button[@id="btn-login"]' is displayed.</msg>
<status status="PASS" starttime="20250203 23:24:36.706" endtime="20250203 23:24:36.722"/>
</kw>
<msg timestamp="20250203 23:24:36.722" level="INFO">${Visible} = True</msg>
<status status="PASS" starttime="20250203 23:24:36.706" endtime="20250203 23:24:36.723"/>
</kw>
<if>
<branch type="IF" condition="'${Visible}' == 'False'">
<kw name="Append To List" library="Collections">
<arg>${Campos_Nao_Encontrados}</arg>
<arg>${field}</arg>
<doc>Adds ``values`` to the end of ``list``.</doc>
<status status="NOT RUN" starttime="20250203 23:24:36.723" endtime="20250203 23:24:36.723"/>
</kw>
<status status="NOT RUN" starttime="20250203 23:24:36.723" endtime="20250203 23:24:36.723"/>
</branch>
<status status="PASS" starttime="20250203 23:24:36.723" endtime="20250203 23:24:36.723"/>
</if>
<status status="PASS" starttime="20250203 23:24:36.706" endtime="20250203 23:24:36.723"/>
</iter>
<status status="PASS" starttime="20250203 23:24:36.664" endtime="20250203 23:24:36.723"/>
</for>
<if>
<branch type="IF" condition="${Campos_Nao_Encontrados} != []">
<kw name="Fail" library="BuiltIn">
<arg>1ºPasso: Falhou - O campos ${Campos_Nao_Encontrados} não foram encontrados</arg>
<doc>Fails the test with the given message and optionally alters its tags.</doc>
<status status="NOT RUN" starttime="20250203 23:24:36.724" endtime="20250203 23:24:36.724"/>
</kw>
<status status="NOT RUN" starttime="20250203 23:24:36.723" endtime="20250203 23:24:36.724"/>
</branch>
<branch type="ELSE">
<kw name="Sleep" library="BuiltIn">
<arg>2</arg>
<doc>Pauses the test executed for the given time.</doc>
<msg timestamp="20250203 23:24:38.724" level="INFO">Slept 2 seconds</msg>
<status status="PASS" starttime="20250203 23:24:36.724" endtime="20250203 23:24:38.724"/>
</kw>
<status status="PASS" starttime="20250203 23:24:36.724" endtime="20250203 23:24:38.724"/>
</branch>
<status status="PASS" starttime="20250203 23:24:36.723" endtime="20250203 23:24:38.724"/>
</if>
<status status="PASS" starttime="20250203 23:24:26.400" endtime="20250203 23:24:38.724"/>
</kw>
<kw name="E preenchendo os dados de login com dados inexistentes">
<kw name="Email" library="FakerLibrary">
<var>${email}</var>
<msg timestamp="20250203 23:24:38.725" level="INFO">${email} = tina93@example.net</msg>
<status status="PASS" starttime="20250203 23:24:38.725" endtime="20250203 23:24:38.725"/>
</kw>
<kw name="Input Text" library="SeleniumLibrary">
<arg>${login.campoemail}</arg>
<arg>${email}</arg>
<doc>Types the given ``text`` into the text field identified by ``locator``.</doc>
<msg timestamp="20250203 23:24:38.726" level="INFO">Typing text 'tina93@example.net' into text field '//input[@type="text"]'.</msg>
<status status="PASS" starttime="20250203 23:24:38.726" endtime="20250203 23:24:38.808"/>
</kw>
<kw name="Password" library="FakerLibrary">
<var>${senha}</var>
<doc>Generate a random password of the specified ``length``.</doc>
<msg timestamp="20250203 23:24:38.808" level="INFO">${senha} = g66nKxXz_J</msg>
<status status="PASS" starttime="20250203 23:24:38.808" endtime="20250203 23:24:38.808"/>
</kw>
<kw name="Input Password" library="SeleniumLibrary">
<arg>${login.camposenha}</arg>
<arg>${senha}</arg>
<doc>Types the given password into the text field identified by ``locator``.</doc>
<msg timestamp="20250203 23:24:38.809" level="INFO">Typing password into text field '//input[@type="password"]'.</msg>
<msg timestamp="20250203 23:24:38.821" level="INFO">Temporally setting log level to: NONE</msg>
<msg timestamp="20250203 23:24:38.838" level="INFO">Log level changed from NONE to INFO.</msg>
<status status="PASS" starttime="20250203 23:24:38.808" endtime="20250203 23:24:38.838"/>
</kw>
<kw name="Get Value" library="SeleniumLibrary">
<var>${valorEmail}</var>
<arg>${login.campoemail}</arg>
<doc>Returns the value attribute of the element identified by ``locator``.</doc>
<msg timestamp="20250203 23:24:38.855" level="INFO">${valorEmail} = tina93@example.net</msg>
<status status="PASS" starttime="20250203 23:24:38.838" endtime="20250203 23:24:38.855"/>
</kw>
<if>
<branch type="IF" condition="$valorEmail == $email">
<kw name="Get Value" library="SeleniumLibrary">
<var>${valorSenha}</var>
<arg>${login.camposenha}</arg>
<doc>Returns the value attribute of the element identified by ``locator``.</doc>
<msg timestamp="20250203 23:24:38.869" level="INFO">${valorSenha} = g66nKxXz_J</msg>
<status status="PASS" starttime="20250203 23:24:38.855" endtime="20250203 23:24:38.869"/>
</kw>
<if>
<branch type="IF" condition="$valorSenha == $senha">
<kw name="Log To Console" library="BuiltIn">
<arg>2ºPasso: Ok</arg>
<doc>Logs the given message to the console.</doc>
<status status="PASS" starttime="20250203 23:24:38.869" endtime="20250203 23:24:38.870"/>
</kw>
<status status="PASS" starttime="20250203 23:24:38.869" endtime="20250203 23:24:38.870"/>
</branch>
<branch type="ELSE">
<kw name="Fail" library="BuiltIn">
<arg>2ºPasso: Falhou - O campo de senha não foi preenchido corretamente e sim com o valor: ${valorSenha}</arg>
<doc>Fails the test with the given message and optionally alters its tags.</doc>
<status status="NOT RUN" starttime="20250203 23:24:38.870" endtime="20250203 23:24:38.870"/>
</kw>
<status status="NOT RUN" starttime="20250203 23:24:38.870" endtime="20250203 23:24:38.870"/>
</branch>
<status status="PASS" starttime="20250203 23:24:38.869" endtime="20250203 23:24:38.870"/>
</if>
<status status="PASS" starttime="20250203 23:24:38.855" endtime="20250203 23:24:38.870"/>
</branch>
<branch type="ELSE">
<kw name="Fail" library="BuiltIn">
<arg>2ºPasso: Falhou - O campo de email não foi preenchido corretamente e sim com o valor: ${valorEmail}</arg>
<doc>Fails the test with the given message and optionally alters its tags.</doc>
<status status="NOT RUN" starttime="20250203 23:24:38.870" endtime="20250203 23:24:38.871"/>
</kw>
<status status="NOT RUN" starttime="20250203 23:24:38.870" endtime="20250203 23:24:38.871"/>
</branch>
<status status="PASS" starttime="20250203 23:24:38.855" endtime="20250203 23:24:38.871"/>
</if>
<status status="PASS" starttime="20250203 23:24:38.725" endtime="20250203 23:24:38.871"/>
</kw>
<kw name="Quando ele Clicar no botão de Entrar">
<kw name="Click Element" library="SeleniumLibrary">
<arg>${login.btnEntrar}</arg>
<doc>Click the element identified by ``locator``.</doc>
<msg timestamp="20250203 23:24:38.873" level="INFO">Clicking element '//button[@id="btn-login"]'.</msg>
<status status="PASS" starttime="20250203 23:24:38.871" endtime="20250203 23:24:39.115"/>
</kw>
<kw name="Log To Console" library="BuiltIn">
<arg>3ºPasso: Ok</arg>
<doc>Logs the given message to the console.</doc>
<status status="PASS" starttime="20250203 23:24:39.115" endtime="20250203 23:24:39.115"/>
</kw>
<status status="PASS" starttime="20250203 23:24:38.871" endtime="20250203 23:24:39.115"/>
</kw>
<kw name="Então ele verá que o usuário é direcionada para páginas de clientes">
<kw name="Run Keyword And Return Status" library="BuiltIn">
<var>${visible}</var>
<arg>Wait Until Element Is Visible</arg>
<arg>${login.validacaoSite}</arg>
<arg>10</arg>
<doc>Runs the given keyword with given arguments and returns the status as a Boolean value.</doc>
<kw name="Wait Until Element Is Visible" library="SeleniumLibrary">
<arg>${login.validacaoSite}</arg>
<arg>10</arg>
<doc>Waits until the element ``locator`` is visible.</doc>
<status status="PASS" starttime="20250203 23:24:39.116" endtime="20250203 23:24:43.645"/>
</kw>
<msg timestamp="20250203 23:24:43.645" level="INFO">${visible} = True</msg>
<status status="PASS" starttime="20250203 23:24:39.116" endtime="20250203 23:24:43.645"/>
</kw>
<if>
<branch type="IF" condition="$visible">
<kw name="Log To Console" library="BuiltIn">
<arg>4º Passo: Ok</arg>
<doc>Logs the given message to the console.</doc>
<status status="PASS" starttime="20250203 23:24:43.645" endtime="20250203 23:24:43.645"/>
</kw>
<kw name="Close Browser" library="SeleniumLibrary">
<doc>Closes the current browser.</doc>
<status status="PASS" starttime="20250203 23:24:43.646" endtime="20250203 23:24:46.721"/>
</kw>
<status status="PASS" starttime="20250203 23:24:43.645" endtime="20250203 23:24:46.721"/>
</branch>
<branch type="ELSE">
<kw name="Fail" library="BuiltIn">
<arg>4º Passo: Falhou</arg>
<doc>Fails the test with the given message and optionally alters its tags.</doc>
<status status="NOT RUN" starttime="20250203 23:24:46.721" endtime="20250203 23:24:46.721"/>
</kw>
<status status="NOT RUN" starttime="20250203 23:24:46.721" endtime="20250203 23:24:46.721"/>
</branch>
<status status="PASS" starttime="20250203 23:24:43.645" endtime="20250203 23:24:46.721"/>
</if>
<status status="PASS" starttime="20250203 23:24:39.116" endtime="20250203 23:24:46.722"/>
</kw>
<status status="PASS" starttime="20250203 23:24:26.400" endtime="20250203 23:24:46.722"/>
</test>
<test id="s1-s1-s2-t5" name="Teste para Falhar no cadastro" line="188">
<kw name="Dado um usuário realizando login no sistema PRA FALHAR">
<kw name="Open Browser" library="SeleniumLibrary">
<arg>${login.url}</arg>
<arg>firefox</arg>
<arg>options=add_argument("--headless")</arg>
<doc>Opens a new browser instance to the optional ``url``.</doc>
<msg timestamp="20250203 23:24:46.725" level="INFO">Opening browser 'firefox' to base url 'https://manual.biobots.com.br/login'.</msg>
<status status="PASS" starttime="20250203 23:24:46.724" endtime="20250203 23:24:54.217"/>
</kw>
<kw name="Run Keyword And Return Status" library="BuiltIn">
<var>${visivel}</var>
<arg>Wait Until Element Is Visible</arg>
<arg>${login.cardLoginFalha}</arg>
<arg>2</arg>
<doc>Runs the given keyword with given arguments and returns the status as a Boolean value.</doc>
<kw name="Wait Until Element Is Visible" library="SeleniumLibrary">
<arg>${login.cardLoginFalha}</arg>
<arg>2</arg>
<doc>Waits until the element ``locator`` is visible.</doc>
<msg timestamp="20250203 23:24:56.308" level="INFO" html="true">&lt;/td&gt;&lt;/tr&gt;&lt;tr&gt;&lt;td colspan="3"&gt;&lt;a href="selenium-screenshot-5.png"&gt;&lt;img src="selenium-screenshot-5.png" width="800px"&gt;&lt;/a&gt;</msg>
<msg timestamp="20250203 23:24:56.309" level="FAIL">Element '//div[@class="card col-md-6 my-login-card2"]' not visible after 2 seconds.</msg>
<status status="FAIL" starttime="20250203 23:24:54.217" endtime="20250203 23:24:56.310"/>
</kw>
<msg timestamp="20250203 23:24:56.310" level="INFO">${visivel} = False</msg>
<status status="PASS" starttime="20250203 23:24:54.217" endtime="20250203 23:24:56.310"/>
</kw>
<if>
<branch type="IF" condition="${visivel}">
<kw name="Log To Console" library="BuiltIn">
<arg>1º Passo: Ok</arg>
<doc>Logs the given message to the console.</doc>
<status status="NOT RUN" starttime="20250203 23:24:56.310" endtime="20250203 23:24:56.310"/>
</kw>
<status status="NOT RUN" starttime="20250203 23:24:56.310" endtime="20250203 23:24:56.310"/>
</branch>
<branch type="ELSE">
<kw name="Fail" library="BuiltIn">
<arg>1º Passo: Falhou - Página de Login não encontrada</arg>
<doc>Fails the test with the given message and optionally alters its tags.</doc>
<msg timestamp="20250203 23:24:56.311" level="FAIL">1º Passo: Falhou - Página de Login não encontrada</msg>
<status status="FAIL" starttime="20250203 23:24:56.311" endtime="20250203 23:24:56.312"/>
</kw>
<status status="FAIL" starttime="20250203 23:24:56.311" endtime="20250203 23:24:56.312"/>
</branch>
<status status="FAIL" starttime="20250203 23:24:56.310" endtime="20250203 23:24:56.312"/>
</if>
<status status="FAIL" starttime="20250203 23:24:46.724" endtime="20250203 23:24:56.312"/>
</kw>
<status status="FAIL" starttime="20250203 23:24:46.723" endtime="20250203 23:24:56.313">1º Passo: Falhou - Página de Login não encontrada</status>
</test>
<status status="FAIL" starttime="20250203 23:23:30.854" endtime="20250203 23:24:56.315"/>
</suite>
<status status="FAIL" starttime="20250203 23:22:57.616" endtime="20250203 23:24:56.317"/>
</suite>
<status status="FAIL" starttime="20250203 23:22:57.586" endtime="20250203 23:24:56.320"/>
</suite>
<statistics>
<total>
<stat pass="5" fail="2" skip="0">All Tests</stat>
</total>
<tag>
</tag>
<suite>
<stat pass="5" fail="2" skip="0" id="s1" name="cmsAutoTestes">cmsAutoTestes</stat>
<stat pass="5" fail="2" skip="0" id="s1-s1" name="Suites">cmsAutoTestes.Suites</stat>
<stat pass="1" fail="1" skip="0" id="s1-s1-s1" name="Cadastro">cmsAutoTestes.Suites.Cadastro</stat>
<stat pass="4" fail="1" skip="0" id="s1-s1-s2" name="Login">cmsAutoTestes.Suites.Login</stat>
</suite>
</statistics>
<errors>
</errors>
</robot>
